{"D:\\wk\\练习\\vue3练习\\vue3-test\\lib\\SchemaForm.tsx": {"path":"D:\\wk\\练习\\vue3练习\\vue3-test\\lib\\SchemaForm.tsx","statementMap":{"0":{"start":{"line":1,"column":0},"end":{"line":1,"column":null}},"1":{"start":{"line":12,"column":0},"end":{"line":12,"column":null}},"2":{"start":{"line":20,"column":0},"end":{"line":20,"column":null}},"3":{"start":{"line":21,"column":0},"end":{"line":21,"column":null}},"4":{"start":{"line":23,"column":0},"end":{"line":23,"column":null}},"5":{"start":{"line":33,"column":35},"end":{"line":33,"column":null}},"6":{"start":{"line":38,"column":15},"end":{"line":38,"column":31}},"7":{"start":{"line":75,"column":26},"end":{"line":77,"column":null}},"8":{"start":{"line":76,"column":6},"end":{"line":76,"column":11}},"9":{"start":{"line":78,"column":39},"end":{"line":78,"column":null}},"10":{"start":{"line":79,"column":45},"end":{"line":79,"column":56}},"11":{"start":{"line":80,"column":26},"end":{"line":80,"column":30}},"12":{"start":{"line":82,"column":4},"end":{"line":82,"column":16}},"13":{"start":{"line":83,"column":6},"end":{"line":83,"column":18}},"14":{"start":{"line":87,"column":6},"end":{"line":94,"column":null}},"15":{"start":{"line":88,"column":30},"end":{"line":90,"column":13}},"16":{"start":{"line":91,"column":8},"end":{"line":91,"column":21}},"17":{"start":{"line":92,"column":10},"end":{"line":92,"column":22}},"18":{"start":{"line":96,"column":6},"end":{"line":103,"column":null}},"19":{"start":{"line":97,"column":31},"end":{"line":99,"column":13}},"20":{"start":{"line":100,"column":8},"end":{"line":100,"column":22}},"21":{"start":{"line":101,"column":10},"end":{"line":101,"column":22}},"22":{"start":{"line":105,"column":31},"end":{"line":105,"column":null}},"23":{"start":{"line":108,"column":6},"end":{"line":108,"column":13}},"24":{"start":{"line":110,"column":21},"end":{"line":110,"column":null}},"25":{"start":{"line":112,"column":21},"end":{"line":112,"column":null}},"26":{"start":{"line":120,"column":6},"end":{"line":120,"column":null}},"27":{"start":{"line":120,"column":41},"end":{"line":120,"column":null}},"28":{"start":{"line":121,"column":6},"end":{"line":121,"column":13}},"29":{"start":{"line":123,"column":6},"end":{"line":123,"column":20}},"30":{"start":{"line":124,"column":6},"end":{"line":124,"column":13}},"31":{"start":{"line":127,"column":4},"end":{"line":127,"column":null}},"32":{"start":{"line":128,"column":12},"end":{"line":128,"column":null}},"33":{"start":{"line":130,"column":8},"end":{"line":132,"column":null}},"34":{"start":{"line":131,"column":10},"end":{"line":131,"column":20}},"35":{"start":{"line":136,"column":4},"end":{"line":136,"column":null}},"36":{"start":{"line":137,"column":12},"end":{"line":137,"column":null}},"37":{"start":{"line":139,"column":8},"end":{"line":148,"column":null}},"38":{"start":{"line":140,"column":10},"end":{"line":140,"column":16}},"39":{"start":{"line":142,"column":14},"end":{"line":142,"column":21}},"40":{"start":{"line":143,"column":16},"end":{"line":143,"column":34}},"41":{"start":{"line":144,"column":16},"end":{"line":144,"column":26}},"42":{"start":{"line":155,"column":25},"end":{"line":155,"column":34}},"43":{"start":{"line":156,"column":6},"end":{"line":166,"column":null}},"44":{"start":{"line":157,"column":30},"end":{"line":159,"column":13}},"45":{"start":{"line":160,"column":8},"end":{"line":160,"column":15}},"46":{"start":{"line":161,"column":10},"end":{"line":161,"column":13}},"47":{"start":{"line":162,"column":10},"end":{"line":162,"column":17}},"48":{"start":{"line":165,"column":8},"end":{"line":165,"column":15}},"49":{"start":{"line":169,"column":31},"end":{"line":169,"column":40}},"50":{"start":{"line":170,"column":6},"end":{"line":185,"column":null}},"51":{"start":{"line":171,"column":30},"end":{"line":173,"column":13}},"52":{"start":{"line":174,"column":8},"end":{"line":174,"column":15}},"53":{"start":{"line":175,"column":26},"end":{"line":175,"column":null}},"54":{"start":{"line":176,"column":10},"end":{"line":176,"column":23}},"55":{"start":{"line":177,"column":12},"end":{"line":179,"column":null}},"56":{"start":{"line":178,"column":14},"end":{"line":178,"column":23}},"57":{"start":{"line":181,"column":10},"end":{"line":181,"column":17}},"58":{"start":{"line":184,"column":8},"end":{"line":184,"column":15}},"59":{"start":{"line":184,"column":35},"end":{"line":184,"column":null}},"60":{"start":{"line":188,"column":20},"end":{"line":188,"column":null}},"61":{"start":{"line":193,"column":4},"end":{"line":193,"column":12}},"62":{"start":{"line":195,"column":4},"end":{"line":195,"column":11}},"63":{"start":{"line":196,"column":42},"end":{"line":196,"column":null}},"64":{"start":{"line":197,"column":6},"end":{"line":197,"column":null}}},"fnMap":{"0":{"name":"(anonymous_0)","decl":{"start":{"line":74,"column":2},"end":{"line":74,"column":7}},"loc":{"start":{"line":74,"column":13},"end":{"line":208,"column":null}}},"1":{"name":"(anonymous_1)","decl":{"start":{"line":75,"column":26},"end":{"line":75,"column":38}},"loc":{"start":{"line":75,"column":38},"end":{"line":77,"column":null}}},"2":{"name":"(anonymous_2)","decl":{"start":{"line":82,"column":16},"end":{"line":82,"column":21}},"loc":{"start":{"line":82,"column":21},"end":{"line":104,"column":null}}},"3":{"name":"(anonymous_3)","decl":{"start":{"line":91,"column":31},"end":{"line":91,"column":36}},"loc":{"start":{"line":91,"column":36},"end":{"line":93,"column":null}}},"4":{"name":"(anonymous_4)","decl":{"start":{"line":100,"column":32},"end":{"line":100,"column":37}},"loc":{"start":{"line":100,"column":37},"end":{"line":102,"column":null}}},"5":{"name":"doValidate","decl":{"start":{"line":107,"column":19},"end":{"line":107,"column":30}},"loc":{"start":{"line":107,"column":65},"end":{"line":125,"column":null}}},"6":{"name":"(anonymous_6)","decl":{"start":{"line":128,"column":6},"end":{"line":128,"column":12}},"loc":{"start":{"line":128,"column":12},"end":{"line":128,"column":null}}},"7":{"name":"(anonymous_7)","decl":{"start":{"line":129,"column":6},"end":{"line":129,"column":11}},"loc":{"start":{"line":129,"column":11},"end":{"line":133,"column":null}}},"8":{"name":"(anonymous_8)","decl":{"start":{"line":137,"column":6},"end":{"line":137,"column":12}},"loc":{"start":{"line":137,"column":12},"end":{"line":137,"column":null}}},"9":{"name":"(anonymous_9)","decl":{"start":{"line":138,"column":7},"end":{"line":138,"column":17}},"loc":{"start":{"line":138,"column":17},"end":{"line":149,"column":null}}},"10":{"name":"(anonymous_10)","decl":{"start":{"line":141,"column":12},"end":{"line":141,"column":22}},"loc":{"start":{"line":141,"column":22},"end":{"line":146,"column":null}}},"11":{"name":"(anonymous_11)","decl":{"start":{"line":142,"column":34},"end":{"line":142,"column":45}},"loc":{"start":{"line":142,"column":45},"end":{"line":145,"column":null}}},"12":{"name":"(anonymous_12)","decl":{"start":{"line":155,"column":34},"end":{"line":155,"column":39}},"loc":{"start":{"line":155,"column":39},"end":{"line":167,"column":null}}},"13":{"name":"(anonymous_13)","decl":{"start":{"line":160,"column":36},"end":{"line":160,"column":37}},"loc":{"start":{"line":160,"column":52},"end":{"line":163,"column":11}}},"14":{"name":"(anonymous_14)","decl":{"start":{"line":169,"column":40},"end":{"line":169,"column":45}},"loc":{"start":{"line":169,"column":45},"end":{"line":186,"column":null}}},"15":{"name":"(anonymous_15)","decl":{"start":{"line":174,"column":16},"end":{"line":174,"column":34}},"loc":{"start":{"line":174,"column":34},"end":{"line":182,"column":null}}},"16":{"name":"(anonymous_16)","decl":{"start":{"line":176,"column":33},"end":{"line":176,"column":38}},"loc":{"start":{"line":176,"column":38},"end":{"line":180,"column":null}}},"17":{"name":"(anonymous_17)","decl":{"start":{"line":184,"column":16},"end":{"line":184,"column":35}},"loc":{"start":{"line":184,"column":35},"end":{"line":184,"column":null}}},"18":{"name":"(anonymous_18)","decl":{"start":{"line":195,"column":11},"end":{"line":195,"column":16}},"loc":{"start":{"line":195,"column":16},"end":{"line":207,"column":null}}}},"branchMap":{"0":{"loc":{"start":{"line":87,"column":6},"end":{"line":94,"column":null}},"type":"if","locations":[{"start":{"line":87,"column":6},"end":{"line":94,"column":null}},{"start":{"line":87,"column":6},"end":{"line":94,"column":null}}]},"1":{"loc":{"start":{"line":89,"column":12},"end":{"line":89,"column":null}},"type":"cond-expr","locations":[{"start":{"line":89,"column":12},"end":{"line":89,"column":null}},{"start":{"line":90,"column":12},"end":{"line":90,"column":13}}]},"2":{"loc":{"start":{"line":96,"column":6},"end":{"line":103,"column":null}},"type":"if","locations":[{"start":{"line":96,"column":6},"end":{"line":103,"column":null}},{"start":{"line":96,"column":6},"end":{"line":103,"column":null}}]},"3":{"loc":{"start":{"line":98,"column":12},"end":{"line":98,"column":null}},"type":"cond-expr","locations":[{"start":{"line":98,"column":12},"end":{"line":98,"column":null}},{"start":{"line":99,"column":12},"end":{"line":99,"column":13}}]},"4":{"loc":{"start":{"line":120,"column":6},"end":{"line":120,"column":null}},"type":"if","locations":[{"start":{"line":120,"column":6},"end":{"line":120,"column":null}},{"start":{"line":120,"column":6},"end":{"line":120,"column":null}}]},"5":{"loc":{"start":{"line":130,"column":8},"end":{"line":132,"column":null}},"type":"if","locations":[{"start":{"line":130,"column":8},"end":{"line":132,"column":null}},{"start":{"line":130,"column":8},"end":{"line":132,"column":null}}]},"6":{"loc":{"start":{"line":139,"column":8},"end":{"line":148,"column":null}},"type":"if","locations":[{"start":{"line":139,"column":8},"end":{"line":148,"column":null}},{"start":{"line":139,"column":8},"end":{"line":148,"column":null}}]},"7":{"loc":{"start":{"line":156,"column":6},"end":{"line":166,"column":null}},"type":"if","locations":[{"start":{"line":156,"column":6},"end":{"line":166,"column":null}},{"start":{"line":156,"column":6},"end":{"line":166,"column":null}}]},"8":{"loc":{"start":{"line":158,"column":12},"end":{"line":158,"column":null}},"type":"cond-expr","locations":[{"start":{"line":158,"column":12},"end":{"line":158,"column":null}},{"start":{"line":159,"column":12},"end":{"line":159,"column":13}}]},"9":{"loc":{"start":{"line":170,"column":6},"end":{"line":185,"column":null}},"type":"if","locations":[{"start":{"line":170,"column":6},"end":{"line":185,"column":null}},{"start":{"line":170,"column":6},"end":{"line":185,"column":null}}]},"10":{"loc":{"start":{"line":172,"column":12},"end":{"line":172,"column":null}},"type":"cond-expr","locations":[{"start":{"line":172,"column":12},"end":{"line":172,"column":null}},{"start":{"line":173,"column":12},"end":{"line":173,"column":13}}]},"11":{"loc":{"start":{"line":177,"column":12},"end":{"line":179,"column":null}},"type":"if","locations":[{"start":{"line":177,"column":12},"end":{"line":179,"column":null}},{"start":{"line":177,"column":12},"end":{"line":179,"column":null}}]},"12":{"loc":{"start":{"line":203,"column":20},"end":{"line":203,"column":28}},"type":"binary-expr","locations":[{"start":{"line":203,"column":20},"end":{"line":203,"column":28}},{"start":{"line":203,"column":32},"end":{"line":203,"column":null}}]},"13":{"loc":{"start":{"line":204,"column":23},"end":{"line":204,"column":47}},"type":"binary-expr","locations":[{"start":{"line":204,"column":23},"end":{"line":204,"column":47}},{"start":{"line":204,"column":47},"end":{"line":204,"column":null}}]}},"s":{"0":3,"1":3,"2":3,"3":3,"4":3,"5":3,"6":3,"7":5,"8":3,"9":5,"10":5,"11":5,"12":5,"13":5,"14":5,"15":0,"16":0,"17":0,"18":5,"19":0,"20":0,"21":0,"22":5,"23":0,"24":0,"25":0,"26":0,"27":0,"28":0,"29":0,"30":0,"31":5,"32":7,"33":2,"34":0,"35":5,"36":5,"37":5,"38":0,"39":0,"40":0,"41":0,"42":5,"43":0,"44":0,"45":0,"46":0,"47":0,"48":0,"49":5,"50":5,"51":0,"52":0,"53":0,"54":0,"55":0,"56":0,"57":0,"58":5,"59":15,"60":5,"61":5,"62":5,"63":5,"64":5},"f":{"0":5,"1":3,"2":5,"3":0,"4":0,"5":0,"6":7,"7":2,"8":5,"9":5,"10":0,"11":0,"12":0,"13":0,"14":5,"15":0,"16":0,"17":15,"18":5},"b":{"0":[0,5],"1":[0,0],"2":[0,5],"3":[0,0],"4":[0,0],"5":[0,2],"6":[0,5],"7":[0,0],"8":[0,0],"9":[0,5],"10":[0,0],"11":[0,0],"12":[5,5],"13":[5,0]}}
,"D:\\wk\\练习\\vue3练习\\vue3-test\\lib\\SchemaItem.tsx": {"path":"D:\\wk\\练习\\vue3练习\\vue3-test\\lib\\SchemaItem.tsx","statementMap":{"0":{"start":{"line":1,"column":0},"end":{"line":1,"column":null}},"1":{"start":{"line":2,"column":0},"end":{"line":2,"column":null}},"2":{"start":{"line":3,"column":0},"end":{"line":3,"column":null}},"3":{"start":{"line":4,"column":0},"end":{"line":4,"column":null}},"4":{"start":{"line":5,"column":0},"end":{"line":5,"column":null}},"5":{"start":{"line":6,"column":0},"end":{"line":6,"column":null}},"6":{"start":{"line":7,"column":0},"end":{"line":7,"column":null}},"7":{"start":{"line":8,"column":0},"end":{"line":8,"column":null}},"8":{"start":{"line":10,"column":15},"end":{"line":10,"column":31}},"9":{"start":{"line":14,"column":20},"end":{"line":14,"column":null}},"10":{"start":{"line":15,"column":31},"end":{"line":15,"column":40}},"11":{"start":{"line":16,"column":44},"end":{"line":16,"column":null}},"12":{"start":{"line":17,"column":6},"end":{"line":17,"column":13}},"13":{"start":{"line":21,"column":4},"end":{"line":21,"column":11}},"14":{"start":{"line":22,"column":25},"end":{"line":22,"column":null}},"15":{"start":{"line":24,"column":30},"end":{"line":24,"column":null}},"16":{"start":{"line":26,"column":19},"end":{"line":26,"column":null}},"17":{"start":{"line":28,"column":6},"end":{"line":28,"column":14}},"18":{"start":{"line":30,"column":10},"end":{"line":30,"column":20}},"19":{"start":{"line":31,"column":10},"end":{"line":31,"column":null}},"20":{"start":{"line":33,"column":10},"end":{"line":33,"column":20}},"21":{"start":{"line":34,"column":10},"end":{"line":34,"column":null}},"22":{"start":{"line":36,"column":10},"end":{"line":36,"column":20}},"23":{"start":{"line":37,"column":10},"end":{"line":37,"column":null}},"24":{"start":{"line":39,"column":10},"end":{"line":39,"column":20}},"25":{"start":{"line":40,"column":10},"end":{"line":40,"column":null}},"26":{"start":{"line":42,"column":10},"end":{"line":42,"column":20}},"27":{"start":{"line":43,"column":10},"end":{"line":43,"column":null}},"28":{"start":{"line":45,"column":6},"end":{"line":45,"column":29}}},"fnMap":{"0":{"name":"(anonymous_0)","decl":{"start":{"line":12,"column":2},"end":{"line":12,"column":7}},"loc":{"start":{"line":12,"column":13},"end":{"line":47,"column":null}}},"1":{"name":"(anonymous_1)","decl":{"start":{"line":15,"column":40},"end":{"line":15,"column":45}},"loc":{"start":{"line":15,"column":45},"end":{"line":20,"column":null}}},"2":{"name":"(anonymous_2)","decl":{"start":{"line":21,"column":11},"end":{"line":21,"column":16}},"loc":{"start":{"line":21,"column":16},"end":{"line":46,"column":null}}}},"branchMap":{"0":{"loc":{"start":{"line":29,"column":8},"end":{"line":31,"column":null}},"type":"switch","locations":[{"start":{"line":29,"column":8},"end":{"line":31,"column":null}},{"start":{"line":32,"column":8},"end":{"line":34,"column":null}},{"start":{"line":35,"column":8},"end":{"line":37,"column":null}},{"start":{"line":38,"column":8},"end":{"line":40,"column":null}},{"start":{"line":41,"column":8},"end":{"line":43,"column":null}}]}},"s":{"0":3,"1":3,"2":3,"3":3,"4":3,"5":3,"6":3,"7":3,"8":3,"9":13,"10":13,"11":15,"12":15,"13":13,"14":17,"15":17,"16":17,"17":17,"18":7,"19":7,"20":6,"21":6,"22":2,"23":2,"24":2,"25":2,"26":0,"27":0,"28":17},"f":{"0":13,"1":15,"2":17},"b":{"0":[7,6,2,2,0]}}
,"D:\\wk\\练习\\vue3练习\\vue3-test\\lib\\context.ts": {"path":"D:\\wk\\练习\\vue3练习\\vue3-test\\lib\\context.ts","statementMap":{"0":{"start":{"line":1,"column":0},"end":{"line":1,"column":null}},"1":{"start":{"line":10,"column":63},"end":{"line":10,"column":null}},"2":{"start":{"line":13,"column":18},"end":{"line":13,"column":25}},"3":{"start":{"line":15,"column":2},"end":{"line":17,"column":null}},"4":{"start":{"line":16,"column":4},"end":{"line":16,"column":10}},"5":{"start":{"line":19,"column":2},"end":{"line":19,"column":9}}},"fnMap":{"0":{"name":"useVJSFContext","decl":{"start":{"line":12,"column":16},"end":{"line":12,"column":30}},"loc":{"start":{"line":12,"column":30},"end":{"line":20,"column":null}}}},"branchMap":{"0":{"loc":{"start":{"line":15,"column":2},"end":{"line":17,"column":null}},"type":"if","locations":[{"start":{"line":15,"column":2},"end":{"line":17,"column":null}},{"start":{"line":15,"column":2},"end":{"line":17,"column":null}}]}},"s":{"0":3,"1":3,"2":30,"3":30,"4":0,"5":30},"f":{"0":30},"b":{"0":[0,30]}}
,"D:\\wk\\练习\\vue3练习\\vue3-test\\lib\\index.ts": {"path":"D:\\wk\\练习\\vue3练习\\vue3-test\\lib\\index.ts","statementMap":{"0":{"start":{"line":1,"column":0},"end":{"line":1,"column":null}},"1":{"start":{"line":2,"column":0},"end":{"line":2,"column":null}},"2":{"start":{"line":3,"column":0},"end":{"line":3,"column":null}},"3":{"start":{"line":4,"column":0},"end":{"line":4,"column":null}},"4":{"start":{"line":5,"column":0},"end":{"line":5,"column":null}},"5":{"start":{"line":6,"column":0},"end":{"line":6,"column":null}},"6":{"start":{"line":9,"column":15},"end":{"line":9,"column":null}}},"fnMap":{},"branchMap":{},"s":{"0":3,"1":3,"2":3,"3":3,"4":3,"5":3,"6":3},"f":{},"b":{}}
,"D:\\wk\\练习\\vue3练习\\vue3-test\\lib\\theme.tsx": {"path":"D:\\wk\\练习\\vue3练习\\vue3-test\\lib\\theme.tsx","statementMap":{"0":{"start":{"line":1,"column":0},"end":{"line":1,"column":null}},"1":{"start":{"line":11,"column":0},"end":{"line":11,"column":null}},"2":{"start":{"line":20,"column":0},"end":{"line":20,"column":null}},"3":{"start":{"line":22,"column":27},"end":{"line":22,"column":null}},"4":{"start":{"line":24,"column":22},"end":{"line":24,"column":38}},"5":{"start":{"line":33,"column":20},"end":{"line":33,"column":29}},"6":{"start":{"line":33,"column":35},"end":{"line":33,"column":null}},"7":{"start":{"line":35,"column":4},"end":{"line":35,"column":12}},"8":{"start":{"line":36,"column":4},"end":{"line":36,"column":11}},"9":{"start":{"line":36,"column":17},"end":{"line":36,"column":39}},"10":{"start":{"line":44,"column":24},"end":{"line":44,"column":null}},"11":{"start":{"line":45,"column":2},"end":{"line":57,"column":null}},"12":{"start":{"line":46,"column":33},"end":{"line":46,"column":null}},"13":{"start":{"line":47,"column":4},"end":{"line":49,"column":null}},"14":{"start":{"line":48,"column":6},"end":{"line":48,"column":13}},"15":{"start":{"line":51,"column":4},"end":{"line":56,"column":null}},"16":{"start":{"line":52,"column":24},"end":{"line":52,"column":null}},"17":{"start":{"line":53,"column":6},"end":{"line":55,"column":null}},"18":{"start":{"line":54,"column":8},"end":{"line":54,"column":15}},"19":{"start":{"line":59,"column":18},"end":{"line":59,"column":45}},"20":{"start":{"line":60,"column":2},"end":{"line":62,"column":null}},"21":{"start":{"line":61,"column":4},"end":{"line":61,"column":10}},"22":{"start":{"line":63,"column":20},"end":{"line":63,"column":29}},"23":{"start":{"line":64,"column":4},"end":{"line":64,"column":11}},"24":{"start":{"line":66,"column":2},"end":{"line":66,"column":9}},"25":{"start":{"line":69,"column":15},"end":{"line":69,"column":null}}},"fnMap":{"0":{"name":"(anonymous_0)","decl":{"start":{"line":32,"column":2},"end":{"line":32,"column":7}},"loc":{"start":{"line":32,"column":24},"end":{"line":37,"column":null}}},"1":{"name":"(anonymous_1)","decl":{"start":{"line":33,"column":29},"end":{"line":33,"column":35}},"loc":{"start":{"line":33,"column":35},"end":{"line":33,"column":null}}},"2":{"name":"(anonymous_2)","decl":{"start":{"line":36,"column":11},"end":{"line":36,"column":17}},"loc":{"start":{"line":36,"column":17},"end":{"line":36,"column":39}}},"3":{"name":"getWidget","decl":{"start":{"line":40,"column":16},"end":{"line":40,"column":null}},"loc":{"start":{"line":42,"column":51},"end":{"line":67,"column":null}}},"4":{"name":"(anonymous_4)","decl":{"start":{"line":63,"column":29},"end":{"line":63,"column":34}},"loc":{"start":{"line":63,"column":34},"end":{"line":65,"column":null}}}},"branchMap":{"0":{"loc":{"start":{"line":36,"column":17},"end":{"line":36,"column":34}},"type":"binary-expr","locations":[{"start":{"line":36,"column":17},"end":{"line":36,"column":34}},{"start":{"line":36,"column":34},"end":{"line":36,"column":39}}]},"1":{"loc":{"start":{"line":45,"column":2},"end":{"line":57,"column":null}},"type":"if","locations":[{"start":{"line":45,"column":2},"end":{"line":57,"column":null}},{"start":{"line":45,"column":2},"end":{"line":57,"column":null}}]},"2":{"loc":{"start":{"line":47,"column":4},"end":{"line":49,"column":null}},"type":"if","locations":[{"start":{"line":47,"column":4},"end":{"line":49,"column":null}},{"start":{"line":47,"column":4},"end":{"line":49,"column":null}}]},"3":{"loc":{"start":{"line":47,"column":8},"end":{"line":47,"column":28}},"type":"binary-expr","locations":[{"start":{"line":47,"column":8},"end":{"line":47,"column":28}},{"start":{"line":47,"column":28},"end":{"line":47,"column":37}}]},"4":{"loc":{"start":{"line":51,"column":4},"end":{"line":56,"column":null}},"type":"if","locations":[{"start":{"line":51,"column":4},"end":{"line":56,"column":null}},{"start":{"line":51,"column":4},"end":{"line":56,"column":null}}]},"5":{"loc":{"start":{"line":53,"column":6},"end":{"line":55,"column":null}},"type":"if","locations":[{"start":{"line":53,"column":6},"end":{"line":55,"column":null}},{"start":{"line":53,"column":6},"end":{"line":55,"column":null}}]},"6":{"loc":{"start":{"line":60,"column":2},"end":{"line":62,"column":null}},"type":"if","locations":[{"start":{"line":60,"column":2},"end":{"line":62,"column":null}},{"start":{"line":60,"column":2},"end":{"line":62,"column":null}}]}},"s":{"0":3,"1":3,"2":3,"3":3,"4":3,"5":5,"6":5,"7":5,"8":5,"9":5,"10":13,"11":13,"12":13,"13":13,"14":0,"15":13,"16":0,"17":0,"18":0,"19":13,"20":13,"21":0,"22":13,"23":13,"24":13,"25":3},"f":{"0":5,"1":5,"2":5,"3":13,"4":13},"b":{"0":[5,5],"1":[13,0],"2":[0,13],"3":[13,0],"4":[0,13],"5":[0,0],"6":[0,13]}}
,"D:\\wk\\练习\\vue3练习\\vue3-test\\lib\\types.ts": {"path":"D:\\wk\\练习\\vue3练习\\vue3-test\\lib\\types.ts","statementMap":{"0":{"start":{"line":1,"column":0},"end":{"line":1,"column":null}},"1":{"start":{"line":5,"column":0},"end":{"line":5,"column":12}},"2":{"start":{"line":6,"column":2},"end":{"line":6,"column":null}},"3":{"start":{"line":7,"column":2},"end":{"line":7,"column":null}},"4":{"start":{"line":8,"column":2},"end":{"line":8,"column":null}},"5":{"start":{"line":9,"column":2},"end":{"line":9,"column":null}},"6":{"start":{"line":10,"column":2},"end":{"line":10,"column":null}},"7":{"start":{"line":11,"column":2},"end":{"line":11,"column":null}},"8":{"start":{"line":54,"column":32},"end":{"line":54,"column":null}},"9":{"start":{"line":79,"column":35},"end":{"line":79,"column":51}},"10":{"start":{"line":85,"column":39},"end":{"line":85,"column":null}},"11":{"start":{"line":103,"column":42},"end":{"line":103,"column":null}},"12":{"start":{"line":127,"column":0},"end":{"line":127,"column":12}},"13":{"start":{"line":128,"column":2},"end":{"line":128,"column":null}},"14":{"start":{"line":131,"column":0},"end":{"line":131,"column":12}},"15":{"start":{"line":132,"column":2},"end":{"line":132,"column":null}},"16":{"start":{"line":133,"column":2},"end":{"line":133,"column":null}}},"fnMap":{"0":{"name":"(anonymous_0)","decl":{"start":{"line":5,"column":0},"end":{"line":5,"column":12}},"loc":{"start":{"line":5,"column":23},"end":{"line":12,"column":null}}},"1":{"name":"(anonymous_1)","decl":{"start":{"line":127,"column":0},"end":{"line":127,"column":12}},"loc":{"start":{"line":127,"column":32},"end":{"line":129,"column":null}}},"2":{"name":"(anonymous_2)","decl":{"start":{"line":131,"column":0},"end":{"line":131,"column":12}},"loc":{"start":{"line":131,"column":29},"end":{"line":134,"column":null}}}},"branchMap":{"0":{"loc":{"start":{"line":5,"column":12},"end":{"line":5,"column":23}},"type":"binary-expr","locations":[{"start":{"line":5,"column":12},"end":{"line":5,"column":23}},{"start":{"line":5,"column":23},"end":{"line":5,"column":null}}]},"1":{"loc":{"start":{"line":127,"column":12},"end":{"line":127,"column":32}},"type":"binary-expr","locations":[{"start":{"line":127,"column":12},"end":{"line":127,"column":32}},{"start":{"line":127,"column":32},"end":{"line":127,"column":null}}]},"2":{"loc":{"start":{"line":131,"column":12},"end":{"line":131,"column":29}},"type":"binary-expr","locations":[{"start":{"line":131,"column":12},"end":{"line":131,"column":29}},{"start":{"line":131,"column":29},"end":{"line":131,"column":null}}]}},"s":{"0":3,"1":3,"2":3,"3":3,"4":3,"5":3,"6":3,"7":3,"8":3,"9":3,"10":3,"11":3,"12":3,"13":3,"14":3,"15":3,"16":3},"f":{"0":3,"1":3,"2":3},"b":{"0":[3,3],"1":[3,3],"2":[3,3]}}
,"D:\\wk\\练习\\vue3练习\\vue3-test\\lib\\utils.ts": {"path":"D:\\wk\\练习\\vue3练习\\vue3-test\\lib\\utils.ts","statementMap":{"0":{"start":{"line":1,"column":0},"end":{"line":1,"column":null}},"1":{"start":{"line":5,"column":0},"end":{"line":5,"column":null}},"2":{"start":{"line":6,"column":0},"end":{"line":6,"column":null}},"3":{"start":{"line":7,"column":0},"end":{"line":7,"column":null}},"4":{"start":{"line":12,"column":2},"end":{"line":12,"column":9}},"5":{"start":{"line":16,"column":2},"end":{"line":16,"column":9}},"6":{"start":{"line":24,"column":2},"end":{"line":24,"column":9}},"7":{"start":{"line":31,"column":24},"end":{"line":31,"column":28}},"8":{"start":{"line":33,"column":16},"end":{"line":33,"column":31}},"9":{"start":{"line":34,"column":2},"end":{"line":34,"column":9}},"10":{"start":{"line":42,"column":2},"end":{"line":57,"column":null}},"11":{"start":{"line":43,"column":4},"end":{"line":43,"column":11}},"12":{"start":{"line":44,"column":9},"end":{"line":57,"column":null}},"13":{"start":{"line":45,"column":27},"end":{"line":45,"column":47}},"14":{"start":{"line":46,"column":4},"end":{"line":46,"column":11}},"15":{"start":{"line":47,"column":9},"end":{"line":57,"column":null}},"16":{"start":{"line":48,"column":4},"end":{"line":48,"column":11}},"17":{"start":{"line":51,"column":8},"end":{"line":51,"column":23}},"18":{"start":{"line":56,"column":4},"end":{"line":56,"column":11}},"19":{"start":{"line":65,"column":2},"end":{"line":67,"column":null}},"20":{"start":{"line":66,"column":4},"end":{"line":66,"column":11}},"21":{"start":{"line":68,"column":23},"end":{"line":68,"column":37}},"22":{"start":{"line":71,"column":2},"end":{"line":83,"column":null}},"23":{"start":{"line":72,"column":4},"end":{"line":82,"column":null}},"24":{"start":{"line":73,"column":6},"end":{"line":73,"column":20}},"25":{"start":{"line":79,"column":6},"end":{"line":79,"column":13}},"26":{"start":{"line":80,"column":55},"end":{"line":80,"column":null}},"27":{"start":{"line":81,"column":6},"end":{"line":81,"column":13}},"28":{"start":{"line":85,"column":4},"end":{"line":86,"column":null}},"29":{"start":{"line":87,"column":2},"end":{"line":94,"column":null}},"30":{"start":{"line":89,"column":4},"end":{"line":89,"column":11}},"31":{"start":{"line":95,"column":2},"end":{"line":95,"column":9}},"32":{"start":{"line":98,"column":40},"end":{"line":98,"column":null}},"33":{"start":{"line":106,"column":2},"end":{"line":106,"column":8}},"34":{"start":{"line":111,"column":2},"end":{"line":111,"column":8}},"35":{"start":{"line":112,"column":4},"end":{"line":115,"column":null}},"36":{"start":{"line":114,"column":6},"end":{"line":114,"column":null}},"37":{"start":{"line":118,"column":4},"end":{"line":128,"column":null}},"38":{"start":{"line":119,"column":6},"end":{"line":119,"column":26}},"39":{"start":{"line":124,"column":11},"end":{"line":128,"column":null}},"40":{"start":{"line":125,"column":6},"end":{"line":125,"column":26}},"41":{"start":{"line":127,"column":6},"end":{"line":127,"column":26}},"42":{"start":{"line":131,"column":6},"end":{"line":131,"column":20}},"43":{"start":{"line":133,"column":6},"end":{"line":133,"column":20}},"44":{"start":{"line":136,"column":2},"end":{"line":136,"column":9}},"45":{"start":{"line":154,"column":21},"end":{"line":154,"column":42}},"46":{"start":{"line":156,"column":35},"end":{"line":156,"column":null}},"47":{"start":{"line":158,"column":2},"end":{"line":158,"column":9}},"48":{"start":{"line":162,"column":18},"end":{"line":162,"column":null}},"49":{"start":{"line":163,"column":2},"end":{"line":168,"column":null}},"50":{"start":{"line":165,"column":4},"end":{"line":165,"column":8}},"51":{"start":{"line":167,"column":4},"end":{"line":167,"column":10}},"52":{"start":{"line":169,"column":18},"end":{"line":169,"column":30}},"53":{"start":{"line":170,"column":2},"end":{"line":172,"column":null}},"54":{"start":{"line":171,"column":4},"end":{"line":171,"column":10}},"55":{"start":{"line":173,"column":2},"end":{"line":176,"column":null}},"56":{"start":{"line":175,"column":4},"end":{"line":175,"column":11}},"57":{"start":{"line":177,"column":2},"end":{"line":177,"column":9}},"58":{"start":{"line":186,"column":49},"end":{"line":186,"column":56}},"59":{"start":{"line":187,"column":2},"end":{"line":197,"column":null}},"60":{"start":{"line":188,"column":4},"end":{"line":188,"column":18}},"61":{"start":{"line":192,"column":9},"end":{"line":197,"column":null}},"62":{"start":{"line":193,"column":4},"end":{"line":193,"column":18}},"63":{"start":{"line":198,"column":2},"end":{"line":198,"column":9}},"64":{"start":{"line":207,"column":2},"end":{"line":238,"column":null}},"65":{"start":{"line":209,"column":4},"end":{"line":211,"column":null}},"66":{"start":{"line":210,"column":6},"end":{"line":210,"column":null}},"67":{"start":{"line":213,"column":4},"end":{"line":218,"column":null}},"68":{"start":{"line":217,"column":6},"end":{"line":217,"column":null}},"69":{"start":{"line":220,"column":6},"end":{"line":220,"column":null}},"70":{"start":{"line":221,"column":4},"end":{"line":231,"column":null}},"71":{"start":{"line":222,"column":6},"end":{"line":222,"column":20}},"72":{"start":{"line":223,"column":11},"end":{"line":231,"column":null}},"73":{"start":{"line":224,"column":6},"end":{"line":224,"column":20}},"74":{"start":{"line":232,"column":4},"end":{"line":232,"column":11}},"75":{"start":{"line":239,"column":2},"end":{"line":239,"column":9}},"76":{"start":{"line":243,"column":2},"end":{"line":245,"column":null}},"77":{"start":{"line":244,"column":4},"end":{"line":244,"column":11}},"78":{"start":{"line":246,"column":19},"end":{"line":248,"column":null}},"79":{"start":{"line":249,"column":2},"end":{"line":249,"column":9}},"80":{"start":{"line":260,"column":40},"end":{"line":260,"column":null}},"81":{"start":{"line":265,"column":2},"end":{"line":265,"column":8}},"82":{"start":{"line":267,"column":2},"end":{"line":271,"column":null}},"83":{"start":{"line":268,"column":4},"end":{"line":268,"column":11}},"84":{"start":{"line":269,"column":9},"end":{"line":271,"column":null}},"85":{"start":{"line":270,"column":4},"end":{"line":270,"column":10}},"86":{"start":{"line":273,"column":24},"end":{"line":273,"column":29}},"87":{"start":{"line":274,"column":4},"end":{"line":276,"column":null}},"88":{"start":{"line":278,"column":2},"end":{"line":278,"column":9}},"89":{"start":{"line":294,"column":26},"end":{"line":294,"column":31}},"90":{"start":{"line":295,"column":4},"end":{"line":297,"column":null}},"91":{"start":{"line":296,"column":6},"end":{"line":296,"column":13}},"92":{"start":{"line":298,"column":57},"end":{"line":298,"column":null}},"93":{"start":{"line":299,"column":4},"end":{"line":309,"column":null}},"94":{"start":{"line":300,"column":30},"end":{"line":300,"column":null}},"95":{"start":{"line":307,"column":25},"end":{"line":307,"column":38}},"96":{"start":{"line":308,"column":6},"end":{"line":308,"column":13}},"97":{"start":{"line":311,"column":2},"end":{"line":316,"column":null}},"98":{"start":{"line":312,"column":4},"end":{"line":312,"column":11}},"99":{"start":{"line":315,"column":4},"end":{"line":315,"column":11}},"100":{"start":{"line":318,"column":20},"end":{"line":318,"column":36}},"101":{"start":{"line":320,"column":4},"end":{"line":320,"column":null}},"102":{"start":{"line":321,"column":26},"end":{"line":321,"column":28}},"103":{"start":{"line":322,"column":2},"end":{"line":322,"column":9}},"104":{"start":{"line":335,"column":14},"end":{"line":335,"column":20}},"105":{"start":{"line":336,"column":2},"end":{"line":336,"column":9}},"106":{"start":{"line":337,"column":17},"end":{"line":337,"column":null}},"107":{"start":{"line":338,"column":14},"end":{"line":338,"column":19}},"108":{"start":{"line":339,"column":4},"end":{"line":354,"column":null}},"109":{"start":{"line":340,"column":6},"end":{"line":340,"column":9}},"110":{"start":{"line":341,"column":11},"end":{"line":354,"column":null}},"111":{"start":{"line":351,"column":6},"end":{"line":351,"column":9}},"112":{"start":{"line":353,"column":6},"end":{"line":353,"column":9}},"113":{"start":{"line":355,"column":4},"end":{"line":355,"column":11}},"114":{"start":{"line":369,"column":19},"end":{"line":369,"column":null}},"115":{"start":{"line":371,"column":2},"end":{"line":373,"column":null}},"116":{"start":{"line":372,"column":4},"end":{"line":372,"column":11}},"117":{"start":{"line":375,"column":2},"end":{"line":377,"column":null}},"118":{"start":{"line":376,"column":4},"end":{"line":376,"column":11}},"119":{"start":{"line":379,"column":2},"end":{"line":381,"column":null}},"120":{"start":{"line":380,"column":4},"end":{"line":380,"column":11}},"121":{"start":{"line":383,"column":17},"end":{"line":383,"column":null}},"122":{"start":{"line":384,"column":2},"end":{"line":386,"column":null}},"123":{"start":{"line":385,"column":4},"end":{"line":385,"column":11}},"124":{"start":{"line":385,"column":28},"end":{"line":385,"column":null}},"125":{"start":{"line":388,"column":2},"end":{"line":388,"column":9}},"126":{"start":{"line":417,"column":25},"end":{"line":433,"column":null}},"127":{"start":{"line":418,"column":2},"end":{"line":430,"column":null}},"128":{"start":{"line":419,"column":4},"end":{"line":419,"column":11}},"129":{"start":{"line":420,"column":9},"end":{"line":430,"column":null}},"130":{"start":{"line":421,"column":4},"end":{"line":421,"column":11}},"131":{"start":{"line":422,"column":9},"end":{"line":430,"column":null}},"132":{"start":{"line":423,"column":4},"end":{"line":423,"column":11}},"133":{"start":{"line":424,"column":9},"end":{"line":430,"column":null}},"134":{"start":{"line":425,"column":4},"end":{"line":425,"column":11}},"135":{"start":{"line":426,"column":9},"end":{"line":430,"column":null}},"136":{"start":{"line":427,"column":4},"end":{"line":427,"column":11}},"137":{"start":{"line":428,"column":9},"end":{"line":430,"column":null}},"138":{"start":{"line":429,"column":4},"end":{"line":429,"column":11}},"139":{"start":{"line":432,"column":2},"end":{"line":432,"column":9}},"140":{"start":{"line":436,"column":2},"end":{"line":436,"column":null}},"141":{"start":{"line":443,"column":17},"end":{"line":443,"column":32}},"142":{"start":{"line":444,"column":21},"end":{"line":444,"column":null}},"143":{"start":{"line":445,"column":2},"end":{"line":449,"column":null}},"144":{"start":{"line":446,"column":4},"end":{"line":446,"column":11}},"145":{"start":{"line":447,"column":9},"end":{"line":449,"column":null}},"146":{"start":{"line":448,"column":4},"end":{"line":448,"column":11}},"147":{"start":{"line":448,"column":44},"end":{"line":448,"column":55}},"148":{"start":{"line":450,"column":2},"end":{"line":450,"column":9}},"149":{"start":{"line":454,"column":2},"end":{"line":456,"column":null}},"150":{"start":{"line":455,"column":4},"end":{"line":455,"column":11}},"151":{"start":{"line":457,"column":2},"end":{"line":457,"column":9}},"152":{"start":{"line":466,"column":2},"end":{"line":516,"column":null}},"153":{"start":{"line":466,"column":15},"end":{"line":466,"column":18}},"154":{"start":{"line":467,"column":19},"end":{"line":467,"column":27}},"155":{"start":{"line":476,"column":4},"end":{"line":515,"column":null}},"156":{"start":{"line":479,"column":28},"end":{"line":479,"column":null}},"157":{"start":{"line":480,"column":60},"end":{"line":480,"column":null}},"158":{"start":{"line":488,"column":6},"end":{"line":504,"column":null}},"159":{"start":{"line":490,"column":36},"end":{"line":490,"column":null}},"160":{"start":{"line":492,"column":8},"end":{"line":497,"column":null}},"161":{"start":{"line":493,"column":10},"end":{"line":493,"column":22}},"162":{"start":{"line":496,"column":10},"end":{"line":496,"column":22}},"163":{"start":{"line":499,"column":8},"end":{"line":499,"column":20}},"164":{"start":{"line":501,"column":8},"end":{"line":501,"column":23}},"165":{"start":{"line":503,"column":8},"end":{"line":503,"column":23}},"166":{"start":{"line":508,"column":6},"end":{"line":508,"column":13}},"167":{"start":{"line":510,"column":6},"end":{"line":512,"column":null}},"168":{"start":{"line":511,"column":8},"end":{"line":511,"column":15}},"169":{"start":{"line":513,"column":11},"end":{"line":515,"column":null}},"170":{"start":{"line":514,"column":6},"end":{"line":514,"column":13}},"171":{"start":{"line":517,"column":2},"end":{"line":517,"column":9}},"172":{"start":{"line":521,"column":2},"end":{"line":542,"column":null}},"173":{"start":{"line":522,"column":4},"end":{"line":524,"column":null}},"174":{"start":{"line":523,"column":6},"end":{"line":523,"column":14}},"175":{"start":{"line":525,"column":4},"end":{"line":525,"column":11}},"176":{"start":{"line":526,"column":6},"end":{"line":528,"column":null}},"177":{"start":{"line":527,"column":8},"end":{"line":527,"column":15}},"178":{"start":{"line":529,"column":6},"end":{"line":529,"column":13}},"179":{"start":{"line":531,"column":9},"end":{"line":542,"column":null}},"180":{"start":{"line":532,"column":16},"end":{"line":532,"column":22}},"181":{"start":{"line":533,"column":4},"end":{"line":533,"column":11}},"182":{"start":{"line":534,"column":6},"end":{"line":534,"column":9}},"183":{"start":{"line":538,"column":6},"end":{"line":538,"column":13}},"184":{"start":{"line":541,"column":4},"end":{"line":541,"column":11}},"185":{"start":{"line":551,"column":2},"end":{"line":553,"column":null}},"186":{"start":{"line":552,"column":4},"end":{"line":552,"column":10}},"187":{"start":{"line":555,"column":19},"end":{"line":555,"column":null}},"188":{"start":{"line":564,"column":2},"end":{"line":567,"column":null}},"189":{"start":{"line":566,"column":4},"end":{"line":566,"column":11}},"190":{"start":{"line":568,"column":2},"end":{"line":570,"column":null}},"191":{"start":{"line":569,"column":4},"end":{"line":569,"column":11}},"192":{"start":{"line":571,"column":2},"end":{"line":573,"column":null}},"193":{"start":{"line":572,"column":4},"end":{"line":572,"column":11}},"194":{"start":{"line":574,"column":2},"end":{"line":574,"column":9}}},"fnMap":{"0":{"name":"isObject","decl":{"start":{"line":11,"column":16},"end":{"line":11,"column":25}},"loc":{"start":{"line":11,"column":35},"end":{"line":13,"column":null}}},"1":{"name":"isEmptyObject","decl":{"start":{"line":15,"column":16},"end":{"line":15,"column":30}},"loc":{"start":{"line":15,"column":40},"end":{"line":17,"column":null}}},"2":{"name":"hasOwnProperty","decl":{"start":{"line":19,"column":16},"end":{"line":19,"column":31}},"loc":{"start":{"line":19,"column":52},"end":{"line":25,"column":null}}},"3":{"name":"validateData","decl":{"start":{"line":32,"column":16},"end":{"line":32,"column":29}},"loc":{"start":{"line":32,"column":51},"end":{"line":38,"column":null}}},"4":{"name":"resolveSchema","decl":{"start":{"line":41,"column":16},"end":{"line":41,"column":30}},"loc":{"start":{"line":41,"column":76},"end":{"line":58,"column":null}}},"5":{"name":"(anonymous_5)","decl":{"start":{"line":50,"column":31},"end":{"line":50,"column":null}},"loc":{"start":{"line":51,"column":8},"end":{"line":51,"column":23}}},"6":{"name":"retrieveSchema","decl":{"start":{"line":60,"column":16},"end":{"line":60,"column":null}},"loc":{"start":{"line":63,"column":20},"end":{"line":96,"column":null}}},"7":{"name":"stubExistingAdditionalProperties","decl":{"start":{"line":100,"column":16},"end":{"line":100,"column":null}},"loc":{"start":{"line":103,"column":20},"end":{"line":137,"column":null}}},"8":{"name":"(anonymous_8)","decl":{"start":{"line":111,"column":33},"end":{"line":111,"column":40}},"loc":{"start":{"line":111,"column":40},"end":{"line":134,"column":null}}},"9":{"name":"resolveReference","decl":{"start":{"line":152,"column":9},"end":{"line":152,"column":26}},"loc":{"start":{"line":152,"column":69},"end":{"line":159,"column":null}}},"10":{"name":"findSchemaDefinition","decl":{"start":{"line":161,"column":16},"end":{"line":161,"column":37}},"loc":{"start":{"line":161,"column":66},"end":{"line":178,"column":null}}},"11":{"name":"resolveDependencies","decl":{"start":{"line":180,"column":9},"end":{"line":180,"column":null}},"loc":{"start":{"line":183,"column":15},"end":{"line":199,"column":null}}},"12":{"name":"processDependencies","decl":{"start":{"line":200,"column":9},"end":{"line":200,"column":null}},"loc":{"start":{"line":204,"column":15},"end":{"line":240,"column":null}}},"13":{"name":"withDependentProperties","decl":{"start":{"line":242,"column":9},"end":{"line":242,"column":33}},"loc":{"start":{"line":242,"column":71},"end":{"line":250,"column":null}}},"14":{"name":"withDependentSchema","decl":{"start":{"line":252,"column":9},"end":{"line":252,"column":null}},"loc":{"start":{"line":257,"column":22},"end":{"line":285,"column":null}}},"15":{"name":"(anonymous_15)","decl":{"start":{"line":273,"column":35},"end":{"line":273,"column":null}},"loc":{"start":{"line":274,"column":4},"end":{"line":276,"column":null}}},"16":{"name":"withExactlyOneSubschema","decl":{"start":{"line":287,"column":9},"end":{"line":287,"column":null}},"loc":{"start":{"line":292,"column":12},"end":{"line":327,"column":null}}},"17":{"name":"(anonymous_17)","decl":{"start":{"line":294,"column":40},"end":{"line":294,"column":58}},"loc":{"start":{"line":294,"column":58},"end":{"line":310,"column":null}}},"18":{"name":"mergeSchemas","decl":{"start":{"line":334,"column":16},"end":{"line":334,"column":29}},"loc":{"start":{"line":334,"column":49},"end":{"line":357,"column":null}}},"19":{"name":"(anonymous_19)","decl":{"start":{"line":336,"column":34},"end":{"line":336,"column":35}},"loc":{"start":{"line":336,"column":47},"end":{"line":356,"column":5}}},"20":{"name":"getSchemaType","decl":{"start":{"line":368,"column":16},"end":{"line":368,"column":30}},"loc":{"start":{"line":368,"column":44},"end":{"line":413,"column":null}}},"21":{"name":"(anonymous_21)","decl":{"start":{"line":385,"column":19},"end":{"line":385,"column":28}},"loc":{"start":{"line":385,"column":28},"end":{"line":385,"column":null}}},"22":{"name":"guessType","decl":{"start":{"line":417,"column":34},"end":{"line":417,"column":44}},"loc":{"start":{"line":417,"column":54},"end":{"line":433,"column":null}}},"23":{"name":"isConstant","decl":{"start":{"line":435,"column":16},"end":{"line":435,"column":27}},"loc":{"start":{"line":435,"column":41},"end":{"line":440,"column":null}}},"24":{"name":"isSelect","decl":{"start":{"line":442,"column":16},"end":{"line":442,"column":25}},"loc":{"start":{"line":442,"column":62},"end":{"line":451,"column":null}}},"25":{"name":"(anonymous_25)","decl":{"start":{"line":448,"column":29},"end":{"line":448,"column":44}},"loc":{"start":{"line":448,"column":44},"end":{"line":448,"column":55}}},"26":{"name":"isMultiSelect","decl":{"start":{"line":453,"column":16},"end":{"line":453,"column":30}},"loc":{"start":{"line":453,"column":69},"end":{"line":458,"column":null}}},"27":{"name":"getMatchingOption","decl":{"start":{"line":461,"column":16},"end":{"line":461,"column":null}},"loc":{"start":{"line":464,"column":49},"end":{"line":518,"column":null}}},"28":{"name":"(anonymous_28)","decl":{"start":{"line":480,"column":51},"end":{"line":480,"column":60}},"loc":{"start":{"line":480,"column":60},"end":{"line":480,"column":null}}},"29":{"name":"mergeDefaultsWithFormData","decl":{"start":{"line":520,"column":16},"end":{"line":520,"column":42}},"loc":{"start":{"line":520,"column":70},"end":{"line":543,"column":null}}},"30":{"name":"(anonymous_30)","decl":{"start":{"line":525,"column":24},"end":{"line":525,"column":25}},"loc":{"start":{"line":525,"column":39},"end":{"line":530,"column":null}}},"31":{"name":"(anonymous_31)","decl":{"start":{"line":533,"column":40},"end":{"line":533,"column":41}},"loc":{"start":{"line":533,"column":53},"end":{"line":539,"column":7}}},"32":{"name":"getDefaultFormState","decl":{"start":{"line":545,"column":16},"end":{"line":545,"column":null}},"loc":{"start":{"line":547,"column":15},"end":{"line":575,"column":null}}}},"branchMap":{"0":{"loc":{"start":{"line":16,"column":9},"end":{"line":16,"column":18}},"type":"binary-expr","locations":[{"start":{"line":16,"column":9},"end":{"line":16,"column":18}},{"start":{"line":16,"column":28},"end":{"line":16,"column":null}}]},"1":{"loc":{"start":{"line":41,"column":59},"end":{"line":41,"column":63}},"type":"default-arg","locations":[{"start":{"line":41,"column":59},"end":{"line":41,"column":63}}]},"2":{"loc":{"start":{"line":41,"column":74},"end":{"line":41,"column":76}},"type":"default-arg","locations":[{"start":{"line":41,"column":74},"end":{"line":41,"column":76}}]},"3":{"loc":{"start":{"line":42,"column":2},"end":{"line":57,"column":null}},"type":"if","locations":[{"start":{"line":42,"column":2},"end":{"line":57,"column":null}},{"start":{"line":42,"column":2},"end":{"line":57,"column":null}}]},"4":{"loc":{"start":{"line":44,"column":9},"end":{"line":57,"column":null}},"type":"if","locations":[{"start":{"line":44,"column":9},"end":{"line":57,"column":null}},{"start":{"line":44,"column":9},"end":{"line":57,"column":null}}]},"5":{"loc":{"start":{"line":47,"column":9},"end":{"line":57,"column":null}},"type":"if","locations":[{"start":{"line":47,"column":9},"end":{"line":57,"column":null}},{"start":{"line":47,"column":9},"end":{"line":57,"column":null}}]},"6":{"loc":{"start":{"line":47,"column":13},"end":{"line":47,"column":28}},"type":"binary-expr","locations":[{"start":{"line":47,"column":13},"end":{"line":47,"column":28}},{"start":{"line":47,"column":48},"end":{"line":47,"column":53}}]},"7":{"loc":{"start":{"line":62,"column":15},"end":{"line":62,"column":null}},"type":"default-arg","locations":[{"start":{"line":62,"column":15},"end":{"line":62,"column":null}}]},"8":{"loc":{"start":{"line":63,"column":18},"end":{"line":63,"column":20}},"type":"default-arg","locations":[{"start":{"line":63,"column":18},"end":{"line":63,"column":20}}]},"9":{"loc":{"start":{"line":65,"column":2},"end":{"line":67,"column":null}},"type":"if","locations":[{"start":{"line":65,"column":2},"end":{"line":67,"column":null}},{"start":{"line":65,"column":2},"end":{"line":67,"column":null}}]},"10":{"loc":{"start":{"line":71,"column":2},"end":{"line":83,"column":null}},"type":"if","locations":[{"start":{"line":71,"column":2},"end":{"line":83,"column":null}},{"start":{"line":71,"column":2},"end":{"line":83,"column":null}}]},"11":{"loc":{"start":{"line":85,"column":4},"end":{"line":85,"column":18}},"type":"binary-expr","locations":[{"start":{"line":85,"column":4},"end":{"line":85,"column":18}},{"start":{"line":86,"column":4},"end":{"line":86,"column":null}}]},"12":{"loc":{"start":{"line":87,"column":2},"end":{"line":94,"column":null}},"type":"if","locations":[{"start":{"line":87,"column":2},"end":{"line":94,"column":null}},{"start":{"line":87,"column":2},"end":{"line":94,"column":null}}]},"13":{"loc":{"start":{"line":102,"column":23},"end":{"line":102,"column":null}},"type":"default-arg","locations":[{"start":{"line":102,"column":23},"end":{"line":102,"column":null}}]},"14":{"loc":{"start":{"line":103,"column":18},"end":{"line":103,"column":20}},"type":"default-arg","locations":[{"start":{"line":103,"column":18},"end":{"line":103,"column":20}}]},"15":{"loc":{"start":{"line":112,"column":4},"end":{"line":115,"column":null}},"type":"if","locations":[{"start":{"line":112,"column":4},"end":{"line":115,"column":null}},{"start":{"line":112,"column":4},"end":{"line":115,"column":null}}]},"16":{"loc":{"start":{"line":118,"column":4},"end":{"line":128,"column":null}},"type":"if","locations":[{"start":{"line":118,"column":4},"end":{"line":128,"column":null}},{"start":{"line":118,"column":4},"end":{"line":128,"column":null}}]},"17":{"loc":{"start":{"line":124,"column":11},"end":{"line":128,"column":null}},"type":"if","locations":[{"start":{"line":124,"column":11},"end":{"line":128,"column":null}},{"start":{"line":124,"column":11},"end":{"line":128,"column":null}}]},"18":{"loc":{"start":{"line":161,"column":64},"end":{"line":161,"column":66}},"type":"default-arg","locations":[{"start":{"line":161,"column":64},"end":{"line":161,"column":66}}]},"19":{"loc":{"start":{"line":163,"column":2},"end":{"line":168,"column":null}},"type":"if","locations":[{"start":{"line":163,"column":2},"end":{"line":168,"column":null}},{"start":{"line":163,"column":2},"end":{"line":168,"column":null}}]},"20":{"loc":{"start":{"line":170,"column":2},"end":{"line":172,"column":null}},"type":"if","locations":[{"start":{"line":170,"column":2},"end":{"line":172,"column":null}},{"start":{"line":170,"column":2},"end":{"line":172,"column":null}}]},"21":{"loc":{"start":{"line":173,"column":2},"end":{"line":176,"column":null}},"type":"if","locations":[{"start":{"line":173,"column":2},"end":{"line":176,"column":null}},{"start":{"line":173,"column":2},"end":{"line":176,"column":null}}]},"22":{"loc":{"start":{"line":186,"column":23},"end":{"line":186,"column":27}},"type":"default-arg","locations":[{"start":{"line":186,"column":23},"end":{"line":186,"column":27}}]},"23":{"loc":{"start":{"line":187,"column":2},"end":{"line":197,"column":null}},"type":"if","locations":[{"start":{"line":187,"column":2},"end":{"line":197,"column":null}},{"start":{"line":187,"column":2},"end":{"line":197,"column":null}}]},"24":{"loc":{"start":{"line":192,"column":9},"end":{"line":197,"column":null}},"type":"if","locations":[{"start":{"line":192,"column":9},"end":{"line":197,"column":null}},{"start":{"line":192,"column":9},"end":{"line":197,"column":null}}]},"25":{"loc":{"start":{"line":209,"column":4},"end":{"line":211,"column":null}},"type":"if","locations":[{"start":{"line":209,"column":4},"end":{"line":211,"column":null}},{"start":{"line":209,"column":4},"end":{"line":211,"column":null}}]},"26":{"loc":{"start":{"line":213,"column":4},"end":{"line":218,"column":null}},"type":"if","locations":[{"start":{"line":213,"column":4},"end":{"line":218,"column":null}},{"start":{"line":213,"column":4},"end":{"line":218,"column":null}}]},"27":{"loc":{"start":{"line":214,"column":6},"end":{"line":214,"column":null}},"type":"binary-expr","locations":[{"start":{"line":214,"column":6},"end":{"line":214,"column":null}},{"start":{"line":215,"column":6},"end":{"line":215,"column":8}}]},"28":{"loc":{"start":{"line":221,"column":4},"end":{"line":231,"column":null}},"type":"if","locations":[{"start":{"line":221,"column":4},"end":{"line":231,"column":null}},{"start":{"line":221,"column":4},"end":{"line":231,"column":null}}]},"29":{"loc":{"start":{"line":223,"column":11},"end":{"line":231,"column":null}},"type":"if","locations":[{"start":{"line":223,"column":11},"end":{"line":231,"column":null}},{"start":{"line":223,"column":11},"end":{"line":231,"column":null}}]},"30":{"loc":{"start":{"line":243,"column":2},"end":{"line":245,"column":null}},"type":"if","locations":[{"start":{"line":243,"column":2},"end":{"line":245,"column":null}},{"start":{"line":243,"column":2},"end":{"line":245,"column":null}}]},"31":{"loc":{"start":{"line":247,"column":6},"end":{"line":247,"column":11}},"type":"cond-expr","locations":[{"start":{"line":247,"column":6},"end":{"line":247,"column":11}},{"start":{"line":248,"column":6},"end":{"line":248,"column":null}}]},"32":{"loc":{"start":{"line":267,"column":2},"end":{"line":271,"column":null}},"type":"if","locations":[{"start":{"line":267,"column":2},"end":{"line":271,"column":null}},{"start":{"line":267,"column":2},"end":{"line":271,"column":null}}]},"33":{"loc":{"start":{"line":269,"column":9},"end":{"line":271,"column":null}},"type":"if","locations":[{"start":{"line":269,"column":9},"end":{"line":271,"column":null}},{"start":{"line":269,"column":9},"end":{"line":271,"column":null}}]},"34":{"loc":{"start":{"line":275,"column":8},"end":{"line":275,"column":25}},"type":"cond-expr","locations":[{"start":{"line":275,"column":8},"end":{"line":275,"column":25}},{"start":{"line":276,"column":8},"end":{"line":276,"column":null}}]},"35":{"loc":{"start":{"line":295,"column":4},"end":{"line":297,"column":null}},"type":"if","locations":[{"start":{"line":295,"column":4},"end":{"line":297,"column":null}},{"start":{"line":295,"column":4},"end":{"line":297,"column":null}}]},"36":{"loc":{"start":{"line":299,"column":4},"end":{"line":309,"column":null}},"type":"if","locations":[{"start":{"line":299,"column":4},"end":{"line":309,"column":null}},{"start":{"line":299,"column":4},"end":{"line":309,"column":null}}]},"37":{"loc":{"start":{"line":308,"column":13},"end":{"line":308,"column":24}},"type":"binary-expr","locations":[{"start":{"line":308,"column":13},"end":{"line":308,"column":24}},{"start":{"line":308,"column":24},"end":{"line":308,"column":null}}]},"38":{"loc":{"start":{"line":311,"column":2},"end":{"line":316,"column":null}},"type":"if","locations":[{"start":{"line":311,"column":2},"end":{"line":316,"column":null}},{"start":{"line":311,"column":2},"end":{"line":316,"column":null}}]},"39":{"loc":{"start":{"line":337,"column":24},"end":{"line":337,"column":29}},"type":"cond-expr","locations":[{"start":{"line":337,"column":24},"end":{"line":337,"column":29}},{"start":{"line":337,"column":36},"end":{"line":337,"column":null}}]},"40":{"loc":{"start":{"line":339,"column":4},"end":{"line":354,"column":null}},"type":"if","locations":[{"start":{"line":339,"column":4},"end":{"line":354,"column":null}},{"start":{"line":339,"column":4},"end":{"line":354,"column":null}}]},"41":{"loc":{"start":{"line":339,"column":8},"end":{"line":339,"column":12}},"type":"binary-expr","locations":[{"start":{"line":339,"column":8},"end":{"line":339,"column":12}},{"start":{"line":339,"column":16},"end":{"line":339,"column":31}},{"start":{"line":339,"column":45},"end":{"line":339,"column":54}}]},"42":{"loc":{"start":{"line":341,"column":11},"end":{"line":354,"column":null}},"type":"if","locations":[{"start":{"line":341,"column":11},"end":{"line":354,"column":null}},{"start":{"line":341,"column":11},"end":{"line":354,"column":null}}]},"43":{"loc":{"start":{"line":342,"column":6},"end":{"line":342,"column":10}},"type":"binary-expr","locations":[{"start":{"line":342,"column":6},"end":{"line":342,"column":10}},{"start":{"line":343,"column":6},"end":{"line":343,"column":null}},{"start":{"line":344,"column":7},"end":{"line":344,"column":43}},{"start":{"line":344,"column":43},"end":{"line":344,"column":null}},{"start":{"line":345,"column":6},"end":{"line":345,"column":null}},{"start":{"line":346,"column":6},"end":{"line":346,"column":11}},{"start":{"line":347,"column":6},"end":{"line":347,"column":11}}]},"44":{"loc":{"start":{"line":371,"column":2},"end":{"line":373,"column":null}},"type":"if","locations":[{"start":{"line":371,"column":2},"end":{"line":373,"column":null}},{"start":{"line":371,"column":2},"end":{"line":373,"column":null}}]},"45":{"loc":{"start":{"line":371,"column":6},"end":{"line":371,"column":15}},"type":"binary-expr","locations":[{"start":{"line":371,"column":6},"end":{"line":371,"column":15}},{"start":{"line":371,"column":15},"end":{"line":371,"column":29}}]},"46":{"loc":{"start":{"line":375,"column":2},"end":{"line":377,"column":null}},"type":"if","locations":[{"start":{"line":375,"column":2},"end":{"line":377,"column":null}},{"start":{"line":375,"column":2},"end":{"line":377,"column":null}}]},"47":{"loc":{"start":{"line":375,"column":6},"end":{"line":375,"column":15}},"type":"binary-expr","locations":[{"start":{"line":375,"column":6},"end":{"line":375,"column":15}},{"start":{"line":375,"column":15},"end":{"line":375,"column":28}}]},"48":{"loc":{"start":{"line":379,"column":2},"end":{"line":381,"column":null}},"type":"if","locations":[{"start":{"line":379,"column":2},"end":{"line":381,"column":null}},{"start":{"line":379,"column":2},"end":{"line":381,"column":null}}]},"49":{"loc":{"start":{"line":379,"column":6},"end":{"line":379,"column":16}},"type":"binary-expr","locations":[{"start":{"line":379,"column":6},"end":{"line":379,"column":16}},{"start":{"line":379,"column":16},"end":{"line":379,"column":37}},{"start":{"line":379,"column":37},"end":{"line":379,"column":67}}]},"50":{"loc":{"start":{"line":384,"column":2},"end":{"line":386,"column":null}},"type":"if","locations":[{"start":{"line":384,"column":2},"end":{"line":386,"column":null}},{"start":{"line":384,"column":2},"end":{"line":386,"column":null}}]},"51":{"loc":{"start":{"line":384,"column":6},"end":{"line":384,"column":28}},"type":"binary-expr","locations":[{"start":{"line":384,"column":6},"end":{"line":384,"column":28}},{"start":{"line":384,"column":28},"end":{"line":384,"column":46}},{"start":{"line":384,"column":46},"end":{"line":384,"column":47}}]},"52":{"loc":{"start":{"line":418,"column":2},"end":{"line":430,"column":null}},"type":"if","locations":[{"start":{"line":418,"column":2},"end":{"line":430,"column":null}},{"start":{"line":418,"column":2},"end":{"line":430,"column":null}}]},"53":{"loc":{"start":{"line":420,"column":9},"end":{"line":430,"column":null}},"type":"if","locations":[{"start":{"line":420,"column":9},"end":{"line":430,"column":null}},{"start":{"line":420,"column":9},"end":{"line":430,"column":null}}]},"54":{"loc":{"start":{"line":422,"column":9},"end":{"line":430,"column":null}},"type":"if","locations":[{"start":{"line":422,"column":9},"end":{"line":430,"column":null}},{"start":{"line":422,"column":9},"end":{"line":430,"column":null}}]},"55":{"loc":{"start":{"line":424,"column":9},"end":{"line":430,"column":null}},"type":"if","locations":[{"start":{"line":424,"column":9},"end":{"line":430,"column":null}},{"start":{"line":424,"column":9},"end":{"line":430,"column":null}}]},"56":{"loc":{"start":{"line":426,"column":9},"end":{"line":430,"column":null}},"type":"if","locations":[{"start":{"line":426,"column":9},"end":{"line":430,"column":null}},{"start":{"line":426,"column":9},"end":{"line":430,"column":null}}]},"57":{"loc":{"start":{"line":428,"column":9},"end":{"line":430,"column":null}},"type":"if","locations":[{"start":{"line":428,"column":9},"end":{"line":430,"column":null}},{"start":{"line":428,"column":9},"end":{"line":430,"column":null}}]},"58":{"loc":{"start":{"line":437,"column":5},"end":{"line":437,"column":10}},"type":"binary-expr","locations":[{"start":{"line":437,"column":5},"end":{"line":437,"column":10}},{"start":{"line":437,"column":35},"end":{"line":437,"column":null}},{"start":{"line":438,"column":4},"end":{"line":438,"column":10}}]},"59":{"loc":{"start":{"line":442,"column":60},"end":{"line":442,"column":62}},"type":"default-arg","locations":[{"start":{"line":442,"column":60},"end":{"line":442,"column":62}}]},"60":{"loc":{"start":{"line":444,"column":21},"end":{"line":444,"column":37}},"type":"binary-expr","locations":[{"start":{"line":444,"column":21},"end":{"line":444,"column":37}},{"start":{"line":444,"column":37},"end":{"line":444,"column":null}}]},"61":{"loc":{"start":{"line":445,"column":2},"end":{"line":449,"column":null}},"type":"if","locations":[{"start":{"line":445,"column":2},"end":{"line":449,"column":null}},{"start":{"line":445,"column":2},"end":{"line":449,"column":null}}]},"62":{"loc":{"start":{"line":447,"column":9},"end":{"line":449,"column":null}},"type":"if","locations":[{"start":{"line":447,"column":9},"end":{"line":449,"column":null}},{"start":{"line":447,"column":9},"end":{"line":449,"column":null}}]},"63":{"loc":{"start":{"line":453,"column":67},"end":{"line":453,"column":69}},"type":"default-arg","locations":[{"start":{"line":453,"column":67},"end":{"line":453,"column":69}}]},"64":{"loc":{"start":{"line":454,"column":2},"end":{"line":456,"column":null}},"type":"if","locations":[{"start":{"line":454,"column":2},"end":{"line":456,"column":null}},{"start":{"line":454,"column":2},"end":{"line":456,"column":null}}]},"65":{"loc":{"start":{"line":454,"column":6},"end":{"line":454,"column":29}},"type":"binary-expr","locations":[{"start":{"line":454,"column":6},"end":{"line":454,"column":29}},{"start":{"line":454,"column":29},"end":{"line":454,"column":44}}]},"66":{"loc":{"start":{"line":476,"column":4},"end":{"line":515,"column":null}},"type":"if","locations":[{"start":{"line":476,"column":4},"end":{"line":515,"column":null}},{"start":{"line":476,"column":4},"end":{"line":515,"column":null}}]},"67":{"loc":{"start":{"line":488,"column":6},"end":{"line":504,"column":null}},"type":"if","locations":[{"start":{"line":488,"column":6},"end":{"line":504,"column":null}},{"start":{"line":488,"column":6},"end":{"line":504,"column":null}}]},"68":{"loc":{"start":{"line":492,"column":8},"end":{"line":497,"column":null}},"type":"if","locations":[{"start":{"line":492,"column":8},"end":{"line":497,"column":null}},{"start":{"line":492,"column":8},"end":{"line":497,"column":null}}]},"69":{"loc":{"start":{"line":510,"column":6},"end":{"line":512,"column":null}},"type":"if","locations":[{"start":{"line":510,"column":6},"end":{"line":512,"column":null}},{"start":{"line":510,"column":6},"end":{"line":512,"column":null}}]},"70":{"loc":{"start":{"line":513,"column":11},"end":{"line":515,"column":null}},"type":"if","locations":[{"start":{"line":513,"column":11},"end":{"line":515,"column":null}},{"start":{"line":513,"column":11},"end":{"line":515,"column":null}}]},"71":{"loc":{"start":{"line":521,"column":2},"end":{"line":542,"column":null}},"type":"if","locations":[{"start":{"line":521,"column":2},"end":{"line":542,"column":null}},{"start":{"line":521,"column":2},"end":{"line":542,"column":null}}]},"72":{"loc":{"start":{"line":522,"column":4},"end":{"line":524,"column":null}},"type":"if","locations":[{"start":{"line":522,"column":4},"end":{"line":524,"column":null}},{"start":{"line":522,"column":4},"end":{"line":524,"column":null}}]},"73":{"loc":{"start":{"line":526,"column":6},"end":{"line":528,"column":null}},"type":"if","locations":[{"start":{"line":526,"column":6},"end":{"line":528,"column":null}},{"start":{"line":526,"column":6},"end":{"line":528,"column":null}}]},"74":{"loc":{"start":{"line":531,"column":9},"end":{"line":542,"column":null}},"type":"if","locations":[{"start":{"line":531,"column":9},"end":{"line":542,"column":null}},{"start":{"line":531,"column":9},"end":{"line":542,"column":null}}]},"75":{"loc":{"start":{"line":535,"column":19},"end":{"line":535,"column":28}},"type":"cond-expr","locations":[{"start":{"line":535,"column":19},"end":{"line":535,"column":28}},{"start":{"line":535,"column":35},"end":{"line":535,"column":null}}]},"76":{"loc":{"start":{"line":551,"column":2},"end":{"line":553,"column":null}},"type":"if","locations":[{"start":{"line":551,"column":2},"end":{"line":553,"column":null}},{"start":{"line":551,"column":2},"end":{"line":553,"column":null}}]},"77":{"loc":{"start":{"line":564,"column":2},"end":{"line":567,"column":null}},"type":"if","locations":[{"start":{"line":564,"column":2},"end":{"line":567,"column":null}},{"start":{"line":564,"column":2},"end":{"line":567,"column":null}}]},"78":{"loc":{"start":{"line":568,"column":2},"end":{"line":570,"column":null}},"type":"if","locations":[{"start":{"line":568,"column":2},"end":{"line":570,"column":null}},{"start":{"line":568,"column":2},"end":{"line":570,"column":null}}]},"79":{"loc":{"start":{"line":568,"column":6},"end":{"line":568,"column":15}},"type":"binary-expr","locations":[{"start":{"line":568,"column":6},"end":{"line":568,"column":15}},{"start":{"line":568,"column":28},"end":{"line":568,"column":33}}]},"80":{"loc":{"start":{"line":571,"column":2},"end":{"line":573,"column":null}},"type":"if","locations":[{"start":{"line":571,"column":2},"end":{"line":573,"column":null}},{"start":{"line":571,"column":2},"end":{"line":573,"column":null}}]},"81":{"loc":{"start":{"line":571,"column":6},"end":{"line":571,"column":24}},"type":"binary-expr","locations":[{"start":{"line":571,"column":6},"end":{"line":571,"column":24}},{"start":{"line":571,"column":24},"end":{"line":571,"column":46}},{"start":{"line":571,"column":46},"end":{"line":571,"column":63}}]},"82":{"loc":{"start":{"line":574,"column":9},"end":{"line":574,"column":17}},"type":"binary-expr","locations":[{"start":{"line":574,"column":9},"end":{"line":574,"column":17}},{"start":{"line":574,"column":21},"end":{"line":574,"column":null}}]}},"s":{"0":3,"1":3,"2":3,"3":3,"4":21,"5":0,"6":45,"7":3,"8":0,"9":0,"10":15,"11":0,"12":15,"13":0,"14":0,"15":15,"16":0,"17":0,"18":15,"19":15,"20":0,"21":15,"22":15,"23":0,"24":0,"25":0,"26":0,"27":0,"28":15,"29":15,"30":0,"31":15,"32":3,"33":0,"34":0,"35":0,"36":0,"37":0,"38":0,"39":0,"40":0,"41":0,"42":0,"43":0,"44":0,"45":0,"46":0,"47":0,"48":0,"49":0,"50":0,"51":0,"52":0,"53":0,"54":0,"55":0,"56":0,"57":0,"58":0,"59":0,"60":0,"61":0,"62":0,"63":0,"64":0,"65":0,"66":0,"67":0,"68":0,"69":0,"70":0,"71":0,"72":0,"73":0,"74":0,"75":0,"76":0,"77":0,"78":0,"79":0,"80":0,"81":0,"82":0,"83":0,"84":0,"85":0,"86":0,"87":0,"88":0,"89":0,"90":0,"91":0,"92":0,"93":0,"94":0,"95":0,"96":0,"97":0,"98":0,"99":0,"100":0,"101":0,"102":0,"103":0,"104":0,"105":0,"106":0,"107":0,"108":0,"109":0,"110":0,"111":0,"112":0,"113":0,"114":0,"115":0,"116":0,"117":0,"118":0,"119":0,"120":0,"121":0,"122":0,"123":0,"124":0,"125":0,"126":3,"127":0,"128":0,"129":0,"130":0,"131":0,"132":0,"133":0,"134":0,"135":0,"136":0,"137":0,"138":0,"139":0,"140":0,"141":0,"142":0,"143":0,"144":0,"145":0,"146":0,"147":0,"148":0,"149":0,"150":0,"151":0,"152":0,"153":0,"154":0,"155":0,"156":0,"157":0,"158":0,"159":0,"160":0,"161":0,"162":0,"163":0,"164":0,"165":0,"166":0,"167":0,"168":0,"169":0,"170":0,"171":0,"172":0,"173":0,"174":0,"175":0,"176":0,"177":0,"178":0,"179":0,"180":0,"181":0,"182":0,"183":0,"184":0,"185":0,"186":0,"187":0,"188":0,"189":0,"190":0,"191":0,"192":0,"193":0,"194":0},"f":{"0":21,"1":0,"2":45,"3":0,"4":15,"5":0,"6":15,"7":0,"8":0,"9":0,"10":0,"11":0,"12":0,"13":0,"14":0,"15":0,"16":0,"17":0,"18":0,"19":0,"20":0,"21":0,"22":0,"23":0,"24":0,"25":0,"26":0,"27":0,"28":0,"29":0,"30":0,"31":0,"32":0},"b":{"0":[0,0],"1":[0],"2":[0],"3":[0,15],"4":[0,15],"5":[0,15],"6":[15,0],"7":[0],"8":[3],"9":[0,15],"10":[0,15],"11":[15,0],"12":[0,15],"13":[0],"14":[0],"15":[0,0],"16":[0,0],"17":[0,0],"18":[0],"19":[0,0],"20":[0,0],"21":[0,0],"22":[0],"23":[0,0],"24":[0,0],"25":[0,0],"26":[0,0],"27":[0,0],"28":[0,0],"29":[0,0],"30":[0,0],"31":[0,0],"32":[0,0],"33":[0,0],"34":[0,0],"35":[0,0],"36":[0,0],"37":[0,0],"38":[0,0],"39":[0,0],"40":[0,0],"41":[0,0,0],"42":[0,0],"43":[0,0,0,0,0,0,0],"44":[0,0],"45":[0,0],"46":[0,0],"47":[0,0],"48":[0,0],"49":[0,0,0],"50":[0,0],"51":[0,0,0],"52":[0,0],"53":[0,0],"54":[0,0],"55":[0,0],"56":[0,0],"57":[0,0],"58":[0,0,0],"59":[0],"60":[0,0],"61":[0,0],"62":[0,0],"63":[0],"64":[0,0],"65":[0,0],"66":[0,0],"67":[0,0],"68":[0,0],"69":[0,0],"70":[0,0],"71":[0,0],"72":[0,0],"73":[0,0],"74":[0,0],"75":[0,0],"76":[0,0],"77":[0,0],"78":[0,0],"79":[0,0],"80":[0,0],"81":[0,0,0],"82":[0,0]}}
,"D:\\wk\\练习\\vue3练习\\vue3-test\\lib\\validator.ts": {"path":"D:\\wk\\练习\\vue3练习\\vue3-test\\lib\\validator.ts","statementMap":{"0":{"start":{"line":3,"column":0},"end":{"line":3,"column":null}},"1":{"start":{"line":4,"column":0},"end":{"line":4,"column":null}},"2":{"start":{"line":7,"column":13},"end":{"line":7,"column":21}},"3":{"start":{"line":26,"column":2},"end":{"line":26,"column":54}},"4":{"start":{"line":26,"column":47},"end":{"line":26,"column":54}},"5":{"start":{"line":27,"column":2},"end":{"line":27,"column":9}},"6":{"start":{"line":28,"column":4},"end":{"line":28,"column":11}},"7":{"start":{"line":39,"column":2},"end":{"line":39,"column":32}},"8":{"start":{"line":39,"column":25},"end":{"line":39,"column":32}},"9":{"start":{"line":41,"column":2},"end":{"line":41,"column":9}},"10":{"start":{"line":42,"column":34},"end":{"line":42,"column":null}},"11":{"start":{"line":43,"column":17},"end":{"line":43,"column":24}},"12":{"start":{"line":44,"column":17},"end":{"line":44,"column":null}},"13":{"start":{"line":48,"column":4},"end":{"line":50,"column":null}},"14":{"start":{"line":49,"column":6},"end":{"line":49,"column":10}},"15":{"start":{"line":57,"column":4},"end":{"line":62,"column":null}},"16":{"start":{"line":58,"column":6},"end":{"line":60,"column":null}},"17":{"start":{"line":59,"column":10},"end":{"line":59,"column":24}},"18":{"start":{"line":61,"column":6},"end":{"line":61,"column":12}},"19":{"start":{"line":64,"column":4},"end":{"line":73,"column":null}},"20":{"start":{"line":68,"column":6},"end":{"line":68,"column":12}},"21":{"start":{"line":70,"column":6},"end":{"line":72,"column":null}},"22":{"start":{"line":71,"column":8},"end":{"line":71,"column":14}},"23":{"start":{"line":74,"column":4},"end":{"line":74,"column":11}},"24":{"start":{"line":86,"column":2},"end":{"line":90,"column":null}},"25":{"start":{"line":87,"column":4},"end":{"line":87,"column":13}},"26":{"start":{"line":89,"column":4},"end":{"line":89,"column":19}},"27":{"start":{"line":91,"column":2},"end":{"line":91,"column":6}},"28":{"start":{"line":92,"column":17},"end":{"line":92,"column":33}},"29":{"start":{"line":94,"column":2},"end":{"line":102,"column":null}},"30":{"start":{"line":104,"column":22},"end":{"line":104,"column":36}},"31":{"start":{"line":106,"column":2},"end":{"line":112,"column":null}},"32":{"start":{"line":107,"column":4},"end":{"line":107,"column":11}},"33":{"start":{"line":114,"column":16},"end":{"line":114,"column":null}},"34":{"start":{"line":115,"column":2},"end":{"line":115,"column":8}},"35":{"start":{"line":116,"column":25},"end":{"line":116,"column":38}},"36":{"start":{"line":117,"column":2},"end":{"line":117,"column":9}},"37":{"start":{"line":125,"column":14},"end":{"line":125,"column":null}},"38":{"start":{"line":126,"column":2},"end":{"line":126,"column":9}},"39":{"start":{"line":128,"column":6},"end":{"line":137,"column":null}},"40":{"start":{"line":129,"column":8},"end":{"line":129,"column":15}},"41":{"start":{"line":130,"column":27},"end":{"line":130,"column":34}},"42":{"start":{"line":131,"column":10},"end":{"line":135,"column":null}},"43":{"start":{"line":132,"column":12},"end":{"line":132,"column":20}},"44":{"start":{"line":134,"column":14},"end":{"line":134,"column":28}},"45":{"start":{"line":138,"column":18},"end":{"line":138,"column":25}},"46":{"start":{"line":139,"column":6},"end":{"line":143,"column":null}},"47":{"start":{"line":140,"column":26},"end":{"line":140,"column":null}},"48":{"start":{"line":141,"column":10},"end":{"line":141,"column":24}},"49":{"start":{"line":142,"column":8},"end":{"line":142,"column":15}},"50":{"start":{"line":144,"column":6},"end":{"line":144,"column":13}},"51":{"start":{"line":151,"column":14},"end":{"line":151,"column":20}},"52":{"start":{"line":152,"column":2},"end":{"line":152,"column":9}},"53":{"start":{"line":153,"column":17},"end":{"line":153,"column":null}},"54":{"start":{"line":154,"column":14},"end":{"line":154,"column":19}},"55":{"start":{"line":155,"column":4},"end":{"line":161,"column":null}},"56":{"start":{"line":156,"column":6},"end":{"line":156,"column":9}},"57":{"start":{"line":157,"column":11},"end":{"line":161,"column":null}},"58":{"start":{"line":158,"column":6},"end":{"line":158,"column":9}},"59":{"start":{"line":160,"column":6},"end":{"line":160,"column":9}},"60":{"start":{"line":162,"column":4},"end":{"line":162,"column":11}}},"fnMap":{"0":{"name":"transformErrors","decl":{"start":{"line":25,"column":9},"end":{"line":25,"column":25}},"loc":{"start":{"line":25,"column":69},"end":{"line":36,"column":null}}},"1":{"name":"(anonymous_1)","decl":{"start":{"line":27,"column":20},"end":{"line":27,"column":21}},"loc":{"start":{"line":27,"column":75},"end":{"line":35,"column":null}}},"2":{"name":"toErrorSchema","decl":{"start":{"line":38,"column":9},"end":{"line":38,"column":23}},"loc":{"start":{"line":38,"column":55},"end":{"line":76,"column":null}}},"3":{"name":"(anonymous_3)","decl":{"start":{"line":41,"column":23},"end":{"line":41,"column":24}},"loc":{"start":{"line":41,"column":46},"end":{"line":75,"column":5}}},"4":{"name":"validateFormData","decl":{"start":{"line":78,"column":22},"end":{"line":78,"column":null}},"loc":{"start":{"line":83,"column":51},"end":{"line":122,"column":null}}},"5":{"name":"createErrorProxy","decl":{"start":{"line":124,"column":9},"end":{"line":124,"column":25}},"loc":{"start":{"line":124,"column":25},"end":{"line":147,"column":null}}},"6":{"name":"(anonymous_6)","decl":{"start":{"line":127,"column":4},"end":{"line":127,"column":7}},"loc":{"start":{"line":127,"column":29},"end":{"line":145,"column":null}}},"7":{"name":"(anonymous_7)","decl":{"start":{"line":129,"column":16},"end":{"line":129,"column":31}},"loc":{"start":{"line":129,"column":31},"end":{"line":136,"column":null}}},"8":{"name":"mergeObjects","decl":{"start":{"line":149,"column":16},"end":{"line":149,"column":29}},"loc":{"start":{"line":149,"column":71},"end":{"line":164,"column":null}}},"9":{"name":"(anonymous_9)","decl":{"start":{"line":152,"column":34},"end":{"line":152,"column":35}},"loc":{"start":{"line":152,"column":47},"end":{"line":163,"column":5}}}},"branchMap":{"0":{"loc":{"start":{"line":26,"column":2},"end":{"line":26,"column":54}},"type":"if","locations":[{"start":{"line":26,"column":2},"end":{"line":26,"column":54}},{"start":{"line":26,"column":2},"end":{"line":26,"column":54}}]},"1":{"loc":{"start":{"line":26,"column":6},"end":{"line":26,"column":25}},"type":"binary-expr","locations":[{"start":{"line":26,"column":6},"end":{"line":26,"column":25}},{"start":{"line":26,"column":25},"end":{"line":26,"column":47}}]},"2":{"loc":{"start":{"line":39,"column":2},"end":{"line":39,"column":32}},"type":"if","locations":[{"start":{"line":39,"column":2},"end":{"line":39,"column":32}},{"start":{"line":39,"column":2},"end":{"line":39,"column":32}}]},"3":{"loc":{"start":{"line":48,"column":4},"end":{"line":50,"column":null}},"type":"if","locations":[{"start":{"line":48,"column":4},"end":{"line":50,"column":null}},{"start":{"line":48,"column":4},"end":{"line":50,"column":null}}]},"4":{"loc":{"start":{"line":48,"column":8},"end":{"line":48,"column":27}},"type":"binary-expr","locations":[{"start":{"line":48,"column":8},"end":{"line":48,"column":27}},{"start":{"line":48,"column":27},"end":{"line":48,"column":43}}]},"5":{"loc":{"start":{"line":58,"column":6},"end":{"line":60,"column":null}},"type":"if","locations":[{"start":{"line":58,"column":6},"end":{"line":60,"column":null}},{"start":{"line":58,"column":6},"end":{"line":60,"column":null}}]},"6":{"loc":{"start":{"line":64,"column":4},"end":{"line":73,"column":null}},"type":"if","locations":[{"start":{"line":64,"column":4},"end":{"line":73,"column":null}},{"start":{"line":64,"column":4},"end":{"line":73,"column":null}}]},"7":{"loc":{"start":{"line":68,"column":47},"end":{"line":68,"column":54}},"type":"binary-expr","locations":[{"start":{"line":68,"column":47},"end":{"line":68,"column":54}},{"start":{"line":68,"column":58},"end":{"line":68,"column":null}}]},"8":{"loc":{"start":{"line":70,"column":6},"end":{"line":72,"column":null}},"type":"if","locations":[{"start":{"line":70,"column":6},"end":{"line":72,"column":null}},{"start":{"line":70,"column":6},"end":{"line":72,"column":null}}]},"9":{"loc":{"start":{"line":82,"column":11},"end":{"line":82,"column":null}},"type":"default-arg","locations":[{"start":{"line":82,"column":11},"end":{"line":82,"column":null}}]},"10":{"loc":{"start":{"line":94,"column":2},"end":{"line":102,"column":null}},"type":"if","locations":[{"start":{"line":94,"column":2},"end":{"line":102,"column":null}},{"start":{"line":94,"column":2},"end":{"line":102,"column":null}}]},"11":{"loc":{"start":{"line":106,"column":2},"end":{"line":112,"column":null}},"type":"if","locations":[{"start":{"line":106,"column":2},"end":{"line":112,"column":null}},{"start":{"line":106,"column":2},"end":{"line":112,"column":null}}]},"12":{"loc":{"start":{"line":128,"column":6},"end":{"line":137,"column":null}},"type":"if","locations":[{"start":{"line":128,"column":6},"end":{"line":137,"column":null}},{"start":{"line":128,"column":6},"end":{"line":137,"column":null}}]},"13":{"loc":{"start":{"line":131,"column":10},"end":{"line":135,"column":null}},"type":"if","locations":[{"start":{"line":131,"column":10},"end":{"line":135,"column":null}},{"start":{"line":131,"column":10},"end":{"line":135,"column":null}}]},"14":{"loc":{"start":{"line":131,"column":14},"end":{"line":131,"column":22}},"type":"binary-expr","locations":[{"start":{"line":131,"column":14},"end":{"line":131,"column":22}},{"start":{"line":131,"column":26},"end":{"line":131,"column":31}}]},"15":{"loc":{"start":{"line":139,"column":6},"end":{"line":143,"column":null}},"type":"if","locations":[{"start":{"line":139,"column":6},"end":{"line":143,"column":null}},{"start":{"line":139,"column":6},"end":{"line":143,"column":null}}]},"16":{"loc":{"start":{"line":149,"column":66},"end":{"line":149,"column":71}},"type":"default-arg","locations":[{"start":{"line":149,"column":66},"end":{"line":149,"column":71}}]},"17":{"loc":{"start":{"line":153,"column":24},"end":{"line":153,"column":29}},"type":"cond-expr","locations":[{"start":{"line":153,"column":24},"end":{"line":153,"column":29}},{"start":{"line":153,"column":36},"end":{"line":153,"column":null}}]},"18":{"loc":{"start":{"line":155,"column":4},"end":{"line":161,"column":null}},"type":"if","locations":[{"start":{"line":155,"column":4},"end":{"line":161,"column":null}},{"start":{"line":155,"column":4},"end":{"line":161,"column":null}}]},"19":{"loc":{"start":{"line":155,"column":8},"end":{"line":155,"column":12}},"type":"binary-expr","locations":[{"start":{"line":155,"column":8},"end":{"line":155,"column":12}},{"start":{"line":155,"column":16},"end":{"line":155,"column":20}},{"start":{"line":155,"column":44},"end":{"line":155,"column":53}}]},"20":{"loc":{"start":{"line":157,"column":11},"end":{"line":161,"column":null}},"type":"if","locations":[{"start":{"line":157,"column":11},"end":{"line":161,"column":null}},{"start":{"line":157,"column":11},"end":{"line":161,"column":null}}]},"21":{"loc":{"start":{"line":157,"column":15},"end":{"line":157,"column":27}},"type":"binary-expr","locations":[{"start":{"line":157,"column":15},"end":{"line":157,"column":27}},{"start":{"line":157,"column":31},"end":{"line":157,"column":36}},{"start":{"line":157,"column":54},"end":{"line":157,"column":59}}]}},"s":{"0":3,"1":3,"2":3,"3":0,"4":0,"5":0,"6":0,"7":0,"8":0,"9":0,"10":0,"11":0,"12":0,"13":0,"14":0,"15":0,"16":0,"17":0,"18":0,"19":0,"20":0,"21":0,"22":0,"23":0,"24":0,"25":0,"26":0,"27":0,"28":0,"29":0,"30":0,"31":0,"32":0,"33":0,"34":0,"35":0,"36":0,"37":0,"38":0,"39":0,"40":0,"41":0,"42":0,"43":0,"44":0,"45":0,"46":0,"47":0,"48":0,"49":0,"50":0,"51":0,"52":0,"53":0,"54":0,"55":0,"56":0,"57":0,"58":0,"59":0,"60":0},"f":{"0":0,"1":0,"2":0,"3":0,"4":0,"5":0,"6":0,"7":0,"8":0,"9":0},"b":{"0":[0,0],"1":[0,0],"2":[0,0],"3":[0,0],"4":[0,0],"5":[0,0],"6":[0,0],"7":[0,0],"8":[0,0],"9":[0],"10":[0,0],"11":[0,0],"12":[0,0],"13":[0,0],"14":[0,0],"15":[0,0],"16":[0],"17":[0,0],"18":[0,0],"19":[0,0,0],"20":[0,0],"21":[0,0,0]}}
[...]
,"D:\\wk\\练习\\vue3练习\\vue3-test\\lib\\fields\\ObjectField.tsx": {"path":"D:\\wk\\练习\\vue3练习\\vue3-test\\lib\\fields\\ObjectField.tsx","statementMap":{"0":{"start":{"line":1,"column":0},"end":{"line":1,"column":null}},"1":{"start":{"line":2,"column":0},"end":{"line":2,"column":null}},"2":{"start":{"line":3,"column":0},"end":{"line":3,"column":null}},"3":{"start":{"line":4,"column":0},"end":{"line":4,"column":null}},"4":{"start":{"line":6,"column":15},"end":{"line":6,"column":31}},"5":{"start":{"line":9,"column":20},"end":{"line":9,"column":null}},"6":{"start":{"line":10,"column":25},"end":{"line":15,"column":null}},"7":{"start":{"line":11,"column":25},"end":{"line":11,"column":null}},"8":{"start":{"line":13,"column":6},"end":{"line":13,"column":11}},"9":{"start":{"line":14,"column":6},"end":{"line":14,"column":11}},"10":{"start":{"line":17,"column":4},"end":{"line":17,"column":11}},"11":{"start":{"line":18,"column":67},"end":{"line":18,"column":null}},"12":{"start":{"line":19,"column":25},"end":{"line":19,"column":null}},"13":{"start":{"line":20,"column":25},"end":{"line":20,"column":null}},"14":{"start":{"line":21,"column":32},"end":{"line":21,"column":null}},"15":{"start":{"line":22,"column":6},"end":{"line":22,"column":13}},"16":{"start":{"line":23,"column":20},"end":{"line":23,"column":null}},"17":{"start":{"line":24,"column":8},"end":{"line":24,"column":null}},"18":{"start":{"line":31,"column":29},"end":{"line":31,"column":42}}},"fnMap":{"0":{"name":"(anonymous_0)","decl":{"start":{"line":8,"column":2},"end":{"line":8,"column":7}},"loc":{"start":{"line":8,"column":13},"end":{"line":36,"column":null}}},"1":{"name":"(anonymous_1)","decl":{"start":{"line":10,"column":25},"end":{"line":10,"column":26}},"loc":{"start":{"line":10,"column":49},"end":{"line":15,"column":null}}},"2":{"name":"(anonymous_2)","decl":{"start":{"line":17,"column":11},"end":{"line":17,"column":16}},"loc":{"start":{"line":17,"column":16},"end":{"line":35,"column":null}}},"3":{"name":"(anonymous_3)","decl":{"start":{"line":22,"column":42},"end":{"line":22,"column":49}},"loc":{"start":{"line":22,"column":49},"end":{"line":34,"column":null}}},"4":{"name":"(anonymous_4)","decl":{"start":{"line":31,"column":23},"end":{"line":31,"column":29}},"loc":{"start":{"line":31,"column":29},"end":{"line":31,"column":42}}}},"branchMap":{"0":{"loc":{"start":{"line":11,"column":49},"end":{"line":11,"column":63}},"type":"cond-expr","locations":[{"start":{"line":11,"column":49},"end":{"line":11,"column":63}},{"start":{"line":11,"column":63},"end":{"line":11,"column":null}}]},"1":{"loc":{"start":{"line":20,"column":25},"end":{"line":20,"column":46}},"type":"binary-expr","locations":[{"start":{"line":20,"column":25},"end":{"line":20,"column":46}},{"start":{"line":20,"column":46},"end":{"line":20,"column":null}}]},"2":{"loc":{"start":{"line":21,"column":50},"end":{"line":21,"column":58}},"type":"cond-expr","locations":[{"start":{"line":21,"column":50},"end":{"line":21,"column":58}},{"start":{"line":21,"column":58},"end":{"line":21,"column":null}}]},"3":{"loc":{"start":{"line":23,"column":42},"end":{"line":23,"column":75}},"type":"cond-expr","locations":[{"start":{"line":23,"column":42},"end":{"line":23,"column":75}},{"start":{"line":23,"column":75},"end":{"line":23,"column":null}}]},"4":{"loc":{"start":{"line":23,"column":42},"end":{"line":23,"column":50}},"type":"binary-expr","locations":[{"start":{"line":23,"column":42},"end":{"line":23,"column":50}},{"start":{"line":23,"column":70},"end":{"line":23,"column":75}}]},"5":{"loc":{"start":{"line":29,"column":25},"end":{"line":29,"column":37}},"type":"binary-expr","locations":[{"start":{"line":29,"column":25},"end":{"line":29,"column":37}},{"start":{"line":29,"column":45},"end":{"line":29,"column":null}}]}},"s":{"0":3,"1":3,"2":3,"3":3,"4":3,"5":2,"6":2,"7":2,"8":2,"9":2,"10":2,"11":4,"12":4,"13":4,"14":4,"15":4,"16":8,"17":8,"18":2},"f":{"0":2,"1":2,"2":4,"3":8,"4":2},"b":{"0":[2,0],"1":[4,0],"2":[4,0],"3":[0,8],"4":[0,0],"5":[8,8]}}
,"D:\\wk\\练习\\vue3练习\\vue3-test\\lib\\fields\\StringField.tsx": {"path":"D:\\wk\\练习\\vue3练习\\vue3-test\\lib\\fields\\StringField.tsx","statementMap":{"0":{"start":{"line":2,"column":0},"end":{"line":2,"column":null}},"1":{"start":{"line":1,"column":0},"end":{"line":1,"column":null}},"2":{"start":{"line":3,"column":0},"end":{"line":3,"column":null}},"3":{"start":{"line":5,"column":15},"end":{"line":5,"column":31}},"4":{"start":{"line":8,"column":27},"end":{"line":8,"column":36}},"5":{"start":{"line":9,"column":24},"end":{"line":9,"column":34}},"6":{"start":{"line":10,"column":6},"end":{"line":10,"column":13}},"7":{"start":{"line":12,"column":23},"end":{"line":12,"column":32}},"8":{"start":{"line":13,"column":53},"end":{"line":13,"column":null}},"9":{"start":{"line":14,"column":6},"end":{"line":14,"column":13}},"10":{"start":{"line":16,"column":4},"end":{"line":16,"column":11}},"11":{"start":{"line":17,"column":39},"end":{"line":17,"column":null}},"12":{"start":{"line":18,"column":26},"end":{"line":18,"column":null}},"13":{"start":{"line":19,"column":6},"end":{"line":19,"column":null}}},"fnMap":{"0":{"name":"(anonymous_0)","decl":{"start":{"line":7,"column":2},"end":{"line":7,"column":7}},"loc":{"start":{"line":7,"column":13},"end":{"line":27,"column":null}}},"1":{"name":"(anonymous_1)","decl":{"start":{"line":8,"column":36},"end":{"line":8,"column":41}},"loc":{"start":{"line":8,"column":41},"end":{"line":11,"column":null}}},"2":{"name":"(anonymous_2)","decl":{"start":{"line":12,"column":32},"end":{"line":12,"column":37}},"loc":{"start":{"line":12,"column":37},"end":{"line":15,"column":null}}},"3":{"name":"(anonymous_3)","decl":{"start":{"line":16,"column":11},"end":{"line":16,"column":16}},"loc":{"start":{"line":16,"column":16},"end":{"line":26,"column":null}}}},"branchMap":{},"s":{"0":3,"1":3,"2":3,"3":3,"4":5,"5":7,"6":7,"7":5,"8":7,"9":7,"10":5,"11":7,"12":7,"13":7},"f":{"0":5,"1":7,"2":7,"3":7},"b":{}}
,"D:\\wk\\练习\\vue3练习\\vue3-test\\lib\\theme-default\\FormItem.tsx": {"path":"D:\\wk\\练习\\vue3练习\\vue3-test\\lib\\theme-default\\FormItem.tsx","statementMap":{"0":{"start":{"line":1,"column":0},"end":{"line":1,"column":null}},"1":{"start":{"line":2,"column":0},"end":{"line":2,"column":null}},"2":{"start":{"line":4,"column":0},"end":{"line":4,"column":null}},"3":{"start":{"line":6,"column":18},"end":{"line":6,"column":34}},"4":{"start":{"line":21,"column":17},"end":{"line":21,"column":33}},"5":{"start":{"line":25,"column":23},"end":{"line":25,"column":null}},"6":{"start":{"line":26,"column":4},"end":{"line":26,"column":11}},"7":{"start":{"line":27,"column":33},"end":{"line":27,"column":null}},"8":{"start":{"line":28,"column":22},"end":{"line":28,"column":null}},"9":{"start":{"line":29,"column":21},"end":{"line":29,"column":null}},"10":{"start":{"line":30,"column":6},"end":{"line":30,"column":null}},"11":{"start":{"line":35,"column":25},"end":{"line":35,"column":26}},"12":{"start":{"line":45,"column":15},"end":{"line":45,"column":null}},"13":{"start":{"line":48,"column":2},"end":{"line":48,"column":9}},"14":{"start":{"line":52,"column":6},"end":{"line":52,"column":13}},"15":{"start":{"line":53,"column":8},"end":{"line":53,"column":null}}},"fnMap":{"0":{"name":"(anonymous_0)","decl":{"start":{"line":24,"column":2},"end":{"line":24,"column":7}},"loc":{"start":{"line":24,"column":24},"end":{"line":42,"column":null}}},"1":{"name":"(anonymous_1)","decl":{"start":{"line":26,"column":11},"end":{"line":26,"column":16}},"loc":{"start":{"line":26,"column":16},"end":{"line":41,"column":null}}},"2":{"name":"(anonymous_2)","decl":{"start":{"line":35,"column":26},"end":{"line":35,"column":null}},"loc":{"start":{"line":35,"column":25},"end":{"line":35,"column":26}}},"3":{"name":"withFormItem","decl":{"start":{"line":47,"column":16},"end":{"line":47,"column":29}},"loc":{"start":{"line":47,"column":50},"end":{"line":61,"column":null}}},"4":{"name":"(anonymous_4)","decl":{"start":{"line":51,"column":4},"end":{"line":51,"column":9}},"loc":{"start":{"line":51,"column":33},"end":{"line":59,"column":null}}},"5":{"name":"(anonymous_5)","decl":{"start":{"line":52,"column":13},"end":{"line":52,"column":18}},"loc":{"start":{"line":52,"column":18},"end":{"line":58,"column":null}}},"6":{"name":"(anonymous_6)","decl":{"start":{"line":53,"column":8},"end":{"line":53,"column":null}},"loc":{"start":{"line":53,"column":8},"end":{"line":53,"column":null}}}},"branchMap":{"0":{"loc":{"start":{"line":33,"column":11},"end":{"line":33,"column":28}},"type":"binary-expr","locations":[{"start":{"line":33,"column":11},"end":{"line":33,"column":28}},{"start":{"line":33,"column":28},"end":{"line":33,"column":33}}]}},"s":{"0":3,"1":3,"2":3,"3":3,"4":3,"5":9,"6":9,"7":13,"8":13,"9":13,"10":13,"11":0,"12":3,"13":9,"14":9,"15":26},"f":{"0":9,"1":13,"2":0,"3":9,"4":9,"5":13,"6":13},"b":{"0":[13,13]}}
,"D:\\wk\\练习\\vue3练习\\vue3-test\\lib\\theme-default\\NumberWidget.tsx": {"path":"D:\\wk\\练习\\vue3练习\\vue3-test\\lib\\theme-default\\NumberWidget.tsx","statementMap":{"0":{"start":{"line":1,"column":0},"end":{"line":1,"column":null}},"1":{"start":{"line":2,"column":0},"end":{"line":2,"column":null}},"2":{"start":{"line":3,"column":0},"end":{"line":3,"column":null}},"3":{"start":{"line":5,"column":50},"end":{"line":5,"column":null}},"4":{"start":{"line":10,"column":28},"end":{"line":14,"column":null}},"5":{"start":{"line":11,"column":23},"end":{"line":11,"column":null}},"6":{"start":{"line":12,"column":22},"end":{"line":12,"column":null}},"7":{"start":{"line":13,"column":8},"end":{"line":13,"column":13}},"8":{"start":{"line":15,"column":23},"end":{"line":15,"column":32}},"9":{"start":{"line":16,"column":8},"end":{"line":16,"column":15}},"10":{"start":{"line":21,"column":6},"end":{"line":21,"column":13}},"11":{"start":{"line":22,"column":26},"end":{"line":22,"column":null}},"12":{"start":{"line":23,"column":8},"end":{"line":23,"column":null}},"13":{"start":{"line":36,"column":15},"end":{"line":36,"column":null}}},"fnMap":{"0":{"name":"(anonymous_0)","decl":{"start":{"line":9,"column":4},"end":{"line":9,"column":9}},"loc":{"start":{"line":9,"column":15},"end":{"line":32,"column":null}}},"1":{"name":"(anonymous_1)","decl":{"start":{"line":10,"column":28},"end":{"line":10,"column":40}},"loc":{"start":{"line":10,"column":40},"end":{"line":14,"column":null}}},"2":{"name":"(anonymous_2)","decl":{"start":{"line":15,"column":32},"end":{"line":15,"column":37}},"loc":{"start":{"line":15,"column":37},"end":{"line":20,"column":null}}},"3":{"name":"(anonymous_3)","decl":{"start":{"line":21,"column":13},"end":{"line":21,"column":18}},"loc":{"start":{"line":21,"column":18},"end":{"line":31,"column":null}}}},"branchMap":{},"s":{"0":3,"1":3,"2":3,"3":3,"4":4,"5":1,"6":1,"7":1,"8":4,"9":6,"10":4,"11":6,"12":6,"13":3},"f":{"0":4,"1":1,"2":6,"3":6},"b":{}}
,"D:\\wk\\练习\\vue3练习\\vue3-test\\lib\\theme-default\\SelectionWidget.tsx": {"path":"D:\\wk\\练习\\vue3练习\\vue3-test\\lib\\theme-default\\SelectionWidget.tsx","statementMap":{"0":{"start":{"line":1,"column":0},"end":{"line":1,"column":null}},"1":{"start":{"line":2,"column":0},"end":{"line":2,"column":null}},"2":{"start":{"line":6,"column":0},"end":{"line":6,"column":null}},"3":{"start":{"line":8,"column":56},"end":{"line":8,"column":null}},"4":{"start":{"line":13,"column":30},"end":{"line":13,"column":34}},"5":{"start":{"line":14,"column":6},"end":{"line":14,"column":12}},"6":{"start":{"line":15,"column":8},"end":{"line":17,"column":null}},"7":{"start":{"line":16,"column":10},"end":{"line":16,"column":15}},"8":{"start":{"line":19,"column":6},"end":{"line":19,"column":null}},"9":{"start":{"line":20,"column":14},"end":{"line":20,"column":null}},"10":{"start":{"line":22,"column":10},"end":{"line":24,"column":null}},"11":{"start":{"line":23,"column":12},"end":{"line":23,"column":27}},"12":{"start":{"line":27,"column":23},"end":{"line":27,"column":32}},"13":{"start":{"line":28,"column":8},"end":{"line":28,"column":15}},"14":{"start":{"line":34,"column":6},"end":{"line":34,"column":13}},"15":{"start":{"line":35,"column":28},"end":{"line":35,"column":null}},"16":{"start":{"line":36,"column":8},"end":{"line":36,"column":null}},"17":{"start":{"line":39,"column":21},"end":{"line":36,"column":null}},"18":{"start":{"line":42,"column":25},"end":{"line":42,"column":26}},"19":{"start":{"line":51,"column":15},"end":{"line":51,"column":null}}},"fnMap":{"0":{"name":"(anonymous_0)","decl":{"start":{"line":12,"column":4},"end":{"line":12,"column":9}},"loc":{"start":{"line":12,"column":15},"end":{"line":48,"column":null}}},"1":{"name":"(anonymous_1)","decl":{"start":{"line":14,"column":30},"end":{"line":14,"column":38}},"loc":{"start":{"line":14,"column":38},"end":{"line":18,"column":null}}},"2":{"name":"(anonymous_2)","decl":{"start":{"line":20,"column":8},"end":{"line":20,"column":14}},"loc":{"start":{"line":20,"column":14},"end":{"line":20,"column":null}}},"3":{"name":"(anonymous_3)","decl":{"start":{"line":21,"column":9},"end":{"line":21,"column":14}},"loc":{"start":{"line":21,"column":14},"end":{"line":25,"column":null}}},"4":{"name":"(anonymous_4)","decl":{"start":{"line":27,"column":32},"end":{"line":27,"column":37}},"loc":{"start":{"line":27,"column":37},"end":{"line":32,"column":null}}},"5":{"name":"(anonymous_5)","decl":{"start":{"line":34,"column":13},"end":{"line":34,"column":18}},"loc":{"start":{"line":34,"column":18},"end":{"line":47,"column":null}}},"6":{"name":"(anonymous_6)","decl":{"start":{"line":36,"column":8},"end":{"line":36,"column":null}},"loc":{"start":{"line":39,"column":21},"end":{"line":36,"column":null}}},"7":{"name":"(anonymous_7)","decl":{"start":{"line":42,"column":26},"end":{"line":42,"column":null}},"loc":{"start":{"line":42,"column":25},"end":{"line":42,"column":26}}}},"branchMap":{"0":{"loc":{"start":{"line":15,"column":8},"end":{"line":17,"column":null}},"type":"if","locations":[{"start":{"line":15,"column":8},"end":{"line":17,"column":null}},{"start":{"line":15,"column":8},"end":{"line":17,"column":null}}]},"1":{"loc":{"start":{"line":22,"column":10},"end":{"line":24,"column":null}},"type":"if","locations":[{"start":{"line":22,"column":10},"end":{"line":24,"column":null}},{"start":{"line":22,"column":10},"end":{"line":24,"column":null}}]}},"s":{"0":3,"1":3,"2":3,"3":3,"4":0,"5":0,"6":0,"7":0,"8":0,"9":0,"10":0,"11":0,"12":0,"13":0,"14":0,"15":0,"16":0,"17":0,"18":0,"19":3},"f":{"0":0,"1":0,"2":0,"3":0,"4":0,"5":0,"6":0,"7":0},"b":{"0":[0,0],"1":[0,0]}}
,"D:\\wk\\练习\\vue3练习\\vue3-test\\lib\\theme-default\\TextWidget.tsx": {"path":"D:\\wk\\练习\\vue3练习\\vue3-test\\lib\\theme-default\\TextWidget.tsx","statementMap":{"0":{"start":{"line":1,"column":0},"end":{"line":1,"column":null}},"1":{"start":{"line":2,"column":0},"end":{"line":2,"column":null}},"2":{"start":{"line":3,"column":0},"end":{"line":3,"column":null}},"3":{"start":{"line":5,"column":48},"end":{"line":5,"column":null}},"4":{"start":{"line":10,"column":28},"end":{"line":13,"column":null}},"5":{"start":{"line":11,"column":23},"end":{"line":11,"column":null}},"6":{"start":{"line":12,"column":8},"end":{"line":12,"column":13}},"7":{"start":{"line":15,"column":23},"end":{"line":15,"column":32}},"8":{"start":{"line":16,"column":8},"end":{"line":16,"column":15}},"9":{"start":{"line":21,"column":6},"end":{"line":21,"column":13}},"10":{"start":{"line":22,"column":26},"end":{"line":22,"column":null}},"11":{"start":{"line":23,"column":8},"end":{"line":23,"column":null}},"12":{"start":{"line":36,"column":15},"end":{"line":36,"column":null}}},"fnMap":{"0":{"name":"(anonymous_0)","decl":{"start":{"line":9,"column":4},"end":{"line":9,"column":9}},"loc":{"start":{"line":9,"column":15},"end":{"line":32,"column":null}}},"1":{"name":"(anonymous_1)","decl":{"start":{"line":10,"column":28},"end":{"line":10,"column":40}},"loc":{"start":{"line":10,"column":40},"end":{"line":13,"column":null}}},"2":{"name":"(anonymous_2)","decl":{"start":{"line":15,"column":32},"end":{"line":15,"column":37}},"loc":{"start":{"line":15,"column":37},"end":{"line":20,"column":null}}},"3":{"name":"(anonymous_3)","decl":{"start":{"line":21,"column":13},"end":{"line":21,"column":18}},"loc":{"start":{"line":21,"column":18},"end":{"line":31,"column":null}}}},"branchMap":{},"s":{"0":3,"1":3,"2":3,"3":3,"4":5,"5":0,"6":0,"7":5,"8":7,"9":5,"10":7,"11":7,"12":3},"f":{"0":5,"1":0,"2":7,"3":7},"b":{}}
,"D:\\wk\\练习\\vue3练习\\vue3-test\\lib\\theme-default\\index.tsx": {"path":"D:\\wk\\练习\\vue3练习\\vue3-test\\lib\\theme-default\\index.tsx","statementMap":{"0":{"start":{"line":1,"column":0},"end":{"line":1,"column":null}},"1":{"start":{"line":2,"column":0},"end":{"line":2,"column":null}},"2":{"start":{"line":3,"column":0},"end":{"line":3,"column":null}},"3":{"start":{"line":8,"column":15},"end":{"line":8,"column":null}}},"fnMap":{},"branchMap":{},"s":{"0":3,"1":3,"2":3,"3":3},"f":{},"b":{}}
,"D:\\wk\\练习\\vue3练习\\vue3-test\\tests\\unit\\utils\\TestComponent.tsx": {"path":"D:\\wk\\练习\\vue3练习\\vue3-test\\tests\\unit\\utils\\TestComponent.tsx","statementMap":{"0":{"start":{"line":1,"column":0},"end":{"line":1,"column":null}},"1":{"start":{"line":2,"column":0},"end":{"line":2,"column":null}},"2":{"start":{"line":3,"column":0},"end":{"line":3,"column":null}},"3":{"start":{"line":5,"column":36},"end":{"line":5,"column":52}},"4":{"start":{"line":7,"column":4},"end":{"line":7,"column":11}},"5":{"start":{"line":8,"column":6},"end":{"line":8,"column":null}},"6":{"start":{"line":17,"column":15},"end":{"line":17,"column":31}},"7":{"start":{"line":33,"column":4},"end":{"line":33,"column":11}},"8":{"start":{"line":34,"column":6},"end":{"line":34,"column":null}}},"fnMap":{"0":{"name":"(anonymous_0)","decl":{"start":{"line":6,"column":2},"end":{"line":6,"column":7}},"loc":{"start":{"line":6,"column":24},"end":{"line":14,"column":null}}},"1":{"name":"(anonymous_1)","decl":{"start":{"line":7,"column":11},"end":{"line":7,"column":16}},"loc":{"start":{"line":7,"column":16},"end":{"line":13,"column":null}}},"2":{"name":"(anonymous_2)","decl":{"start":{"line":8,"column":6},"end":{"line":8,"column":null}},"loc":{"start":{"line":8,"column":6},"end":{"line":8,"column":null}}},"3":{"name":"(anonymous_3)","decl":{"start":{"line":32,"column":2},"end":{"line":32,"column":7}},"loc":{"start":{"line":32,"column":13},"end":{"line":40,"column":null}}},"4":{"name":"(anonymous_4)","decl":{"start":{"line":33,"column":11},"end":{"line":33,"column":16}},"loc":{"start":{"line":33,"column":16},"end":{"line":39,"column":null}}},"5":{"name":"(anonymous_5)","decl":{"start":{"line":34,"column":6},"end":{"line":34,"column":null}},"loc":{"start":{"line":34,"column":6},"end":{"line":34,"column":null}}}},"branchMap":{"0":{"loc":{"start":{"line":10,"column":11},"end":{"line":10,"column":28}},"type":"binary-expr","locations":[{"start":{"line":10,"column":11},"end":{"line":10,"column":28}},{"start":{"line":10,"column":28},"end":{"line":10,"column":33}}]}},"s":{"0":3,"1":3,"2":3,"3":3,"4":5,"5":10,"6":3,"7":5,"8":10},"f":{"0":5,"1":5,"2":5,"3":5,"4":5,"5":5},"b":{"0":[5,5]}}
}
