TN:
SF:D:\wk\练习\vue3练习\vue3-test\lib\SchemaForm.tsx
FN:74,(anonymous_0)
FN:75,(anonymous_1)
FN:82,(anonymous_2)
FN:91,(anonymous_3)
FN:100,(anonymous_4)
FN:107,doValidate
FN:128,(anonymous_6)
FN:129,(anonymous_7)
FN:137,(anonymous_8)
FN:138,(anonymous_9)
FN:141,(anonymous_10)
FN:142,(anonymous_11)
FN:155,(anonymous_12)
FN:160,(anonymous_13)
FN:169,(anonymous_14)
FN:174,(anonymous_15)
FN:176,(anonymous_16)
FN:184,(anonymous_17)
FN:195,(anonymous_18)
FNF:19
FNH:10
FNDA:5,(anonymous_0)
FNDA:3,(anonymous_1)
FNDA:5,(anonymous_2)
FNDA:0,(anonymous_3)
FNDA:0,(anonymous_4)
FNDA:0,doValidate
FNDA:7,(anonymous_6)
FNDA:2,(anonymous_7)
FNDA:5,(anonymous_8)
FNDA:5,(anonymous_9)
FNDA:0,(anonymous_10)
FNDA:0,(anonymous_11)
FNDA:0,(anonymous_12)
FNDA:0,(anonymous_13)
FNDA:5,(anonymous_14)
FNDA:0,(anonymous_15)
FNDA:0,(anonymous_16)
FNDA:15,(anonymous_17)
FNDA:5,(anonymous_18)
DA:1,3
DA:12,3
DA:20,3
DA:21,3
DA:23,3
DA:33,3
DA:38,3
DA:75,5
DA:76,3
DA:78,5
DA:79,5
DA:80,5
DA:82,5
DA:83,5
DA:87,5
DA:88,0
DA:91,0
DA:92,0
DA:96,5
DA:97,0
DA:100,0
DA:101,0
DA:105,5
DA:108,0
DA:110,0
DA:112,0
DA:120,0
DA:121,0
DA:123,0
DA:124,0
DA:127,5
DA:128,7
DA:130,2
DA:131,0
DA:136,5
DA:137,5
DA:139,5
DA:140,0
DA:142,0
DA:143,0
DA:144,0
DA:155,5
DA:156,0
DA:157,0
DA:160,0
DA:161,0
DA:162,0
DA:165,0
DA:169,5
DA:170,5
DA:171,0
DA:174,0
DA:175,0
DA:176,0
DA:177,0
DA:178,0
DA:181,0
DA:184,15
DA:188,5
DA:193,5
DA:195,5
DA:196,5
DA:197,5
LF:63
LH:32
BRDA:87,0,0,0
BRDA:87,0,1,5
BRDA:89,1,0,0
BRDA:89,1,1,0
BRDA:96,2,0,0
BRDA:96,2,1,5
BRDA:98,3,0,0
BRDA:98,3,1,0
BRDA:120,4,0,0
BRDA:120,4,1,0
BRDA:130,5,0,0
BRDA:130,5,1,2
BRDA:139,6,0,0
BRDA:139,6,1,5
BRDA:156,7,0,0
BRDA:156,7,1,0
BRDA:158,8,0,0
BRDA:158,8,1,0
BRDA:170,9,0,0
BRDA:170,9,1,5
BRDA:172,10,0,0
BRDA:172,10,1,0
BRDA:177,11,0,0
BRDA:177,11,1,0
BRDA:203,12,0,5
BRDA:203,12,1,5
BRDA:204,13,0,5
BRDA:204,13,1,0
BRF:28
BRH:8
end_of_record
TN:
SF:D:\wk\练习\vue3练习\vue3-test\lib\SchemaItem.tsx
FN:12,(anonymous_0)
FN:15,(anonymous_1)
FN:21,(anonymous_2)
FNF:3
FNH:3
FNDA:13,(anonymous_0)
FNDA:15,(anonymous_1)
FNDA:17,(anonymous_2)
DA:1,3
DA:2,3
DA:3,3
DA:4,3
DA:5,3
DA:6,3
DA:7,3
DA:8,3
DA:10,3
DA:14,13
DA:15,13
DA:16,15
DA:17,15
DA:21,13
DA:22,17
DA:24,17
DA:26,17
DA:28,17
DA:30,7
DA:31,7
DA:33,6
DA:34,6
DA:36,2
DA:37,2
DA:39,2
DA:40,2
DA:42,0
DA:43,0
DA:45,17
LF:29
LH:27
BRDA:29,0,0,7
BRDA:29,0,1,6
BRDA:29,0,2,2
BRDA:29,0,3,2
BRDA:29,0,4,0
BRF:5
BRH:4
end_of_record
TN:
SF:D:\wk\练习\vue3练习\vue3-test\lib\context.ts
FN:12,useVJSFContext
FNF:1
FNH:1
FNDA:30,useVJSFContext
DA:1,3
DA:10,3
DA:13,30
DA:15,30
DA:16,0
DA:19,30
LF:6
LH:5
BRDA:15,0,0,0
BRDA:15,0,1,30
BRF:2
BRH:1
end_of_record
TN:
SF:D:\wk\练习\vue3练习\vue3-test\lib\index.ts
FNF:0
FNH:0
DA:1,3
DA:2,3
DA:3,3
DA:4,3
DA:5,3
DA:6,3
DA:9,3
LF:7
LH:7
BRF:0
BRH:0
end_of_record
TN:
SF:D:\wk\练习\vue3练习\vue3-test\lib\theme.tsx
FN:32,(anonymous_0)
FN:33,(anonymous_1)
FN:36,(anonymous_2)
FN:40,getWidget
FN:63,(anonymous_4)
FNF:5
FNH:5
FNDA:5,(anonymous_0)
FNDA:5,(anonymous_1)
FNDA:5,(anonymous_2)
FNDA:13,getWidget
FNDA:13,(anonymous_4)
DA:1,3
DA:11,3
DA:20,3
DA:22,3
DA:24,3
DA:33,5
DA:35,5
DA:36,5
DA:44,13
DA:45,13
DA:46,13
DA:47,13
DA:48,0
DA:51,13
DA:52,0
DA:53,0
DA:54,0
DA:59,13
DA:60,13
DA:61,0
DA:63,13
DA:64,13
DA:66,13
DA:69,3
LF:24
LH:19
BRDA:36,0,0,5
BRDA:36,0,1,5
BRDA:45,1,0,13
BRDA:45,1,1,0
BRDA:47,2,0,0
BRDA:47,2,1,13
BRDA:47,3,0,13
BRDA:47,3,1,0
BRDA:51,4,0,0
BRDA:51,4,1,13
BRDA:53,5,0,0
BRDA:53,5,1,0
BRDA:60,6,0,0
BRDA:60,6,1,13
BRF:14
BRH:7
end_of_record
TN:
SF:D:\wk\练习\vue3练习\vue3-test\lib\types.ts
FN:5,(anonymous_0)
FN:127,(anonymous_1)
FN:131,(anonymous_2)
FNF:3
FNH:3
FNDA:3,(anonymous_0)
FNDA:3,(anonymous_1)
FNDA:3,(anonymous_2)
DA:1,3
DA:5,3
DA:6,3
DA:7,3
DA:8,3
DA:9,3
DA:10,3
DA:11,3
DA:54,3
DA:79,3
DA:85,3
DA:103,3
DA:127,3
DA:128,3
DA:131,3
DA:132,3
DA:133,3
LF:17
LH:17
BRDA:5,0,0,3
BRDA:5,0,1,3
BRDA:127,1,0,3
BRDA:127,1,1,3
BRDA:131,2,0,3
BRDA:131,2,1,3
BRF:6
BRH:6
end_of_record
TN:
SF:D:\wk\练习\vue3练习\vue3-test\lib\utils.ts
FN:11,isObject
FN:15,isEmptyObject
FN:19,hasOwnProperty
FN:32,validateData
FN:41,resolveSchema
FN:50,(anonymous_5)
FN:60,retrieveSchema
FN:100,stubExistingAdditionalProperties
FN:111,(anonymous_8)
FN:152,resolveReference
FN:161,findSchemaDefinition
FN:180,resolveDependencies
FN:200,processDependencies
FN:242,withDependentProperties
FN:252,withDependentSchema
FN:273,(anonymous_15)
FN:287,withExactlyOneSubschema
FN:294,(anonymous_17)
FN:334,mergeSchemas
FN:336,(anonymous_19)
FN:368,getSchemaType
FN:385,(anonymous_21)
FN:417,guessType
FN:435,isConstant
FN:442,isSelect
FN:448,(anonymous_25)
FN:453,isMultiSelect
FN:461,getMatchingOption
FN:480,(anonymous_28)
FN:520,mergeDefaultsWithFormData
FN:525,(anonymous_30)
FN:533,(anonymous_31)
FN:545,getDefaultFormState
FNF:33
FNH:4
FNDA:21,isObject
FNDA:0,isEmptyObject
FNDA:45,hasOwnProperty
FNDA:0,validateData
FNDA:15,resolveSchema
FNDA:0,(anonymous_5)
FNDA:15,retrieveSchema
FNDA:0,stubExistingAdditionalProperties
FNDA:0,(anonymous_8)
FNDA:0,resolveReference
FNDA:0,findSchemaDefinition
FNDA:0,resolveDependencies
FNDA:0,processDependencies
FNDA:0,withDependentProperties
FNDA:0,withDependentSchema
FNDA:0,(anonymous_15)
FNDA:0,withExactlyOneSubschema
FNDA:0,(anonymous_17)
FNDA:0,mergeSchemas
FNDA:0,(anonymous_19)
FNDA:0,getSchemaType
FNDA:0,(anonymous_21)
FNDA:0,guessType
FNDA:0,isConstant
FNDA:0,isSelect
FNDA:0,(anonymous_25)
FNDA:0,isMultiSelect
FNDA:0,getMatchingOption
FNDA:0,(anonymous_28)
FNDA:0,mergeDefaultsWithFormData
FNDA:0,(anonymous_30)
FNDA:0,(anonymous_31)
FNDA:0,getDefaultFormState
DA:1,3
DA:5,3
DA:6,3
DA:7,3
DA:12,21
DA:16,0
DA:24,45
DA:31,3
DA:33,0
DA:34,0
DA:42,15
DA:43,0
DA:44,15
DA:45,0
DA:46,0
DA:47,15
DA:48,0
DA:51,0
DA:56,15
DA:65,15
DA:66,0
DA:68,15
DA:71,15
DA:72,0
DA:73,0
DA:79,0
DA:80,0
DA:81,0
DA:85,15
DA:87,15
DA:89,0
DA:95,15
DA:98,3
DA:106,0
DA:111,0
DA:112,0
DA:114,0
DA:118,0
DA:119,0
DA:124,0
DA:125,0
DA:127,0
DA:131,0
DA:133,0
DA:136,0
DA:154,0
DA:156,0
DA:158,0
DA:162,0
DA:163,0
DA:165,0
DA:167,0
DA:169,0
DA:170,0
DA:171,0
DA:173,0
DA:175,0
DA:177,0
DA:186,0
DA:187,0
DA:188,0
DA:192,0
DA:193,0
DA:198,0
DA:207,0
DA:209,0
DA:210,0
DA:213,0
DA:217,0
DA:220,0
DA:221,0
DA:222,0
DA:223,0
DA:224,0
DA:232,0
DA:239,0
DA:243,0
DA:244,0
DA:246,0
DA:249,0
DA:260,0
DA:265,0
DA:267,0
DA:268,0
DA:269,0
DA:270,0
DA:273,0
DA:274,0
DA:278,0
DA:294,0
DA:295,0
DA:296,0
DA:298,0
DA:299,0
DA:300,0
DA:307,0
DA:308,0
DA:311,0
DA:312,0
DA:315,0
DA:318,0
DA:320,0
DA:321,0
DA:322,0
DA:335,0
DA:336,0
DA:337,0
DA:338,0
DA:339,0
DA:340,0
DA:341,0
DA:351,0
DA:353,0
DA:355,0
DA:369,0
DA:371,0
DA:372,0
DA:375,0
DA:376,0
DA:379,0
DA:380,0
DA:383,0
DA:384,0
DA:385,0
DA:388,0
DA:417,3
DA:418,0
DA:419,0
DA:420,0
DA:421,0
DA:422,0
DA:423,0
DA:424,0
DA:425,0
DA:426,0
DA:427,0
DA:428,0
DA:429,0
DA:432,0
DA:436,0
DA:443,0
DA:444,0
DA:445,0
DA:446,0
DA:447,0
DA:448,0
DA:450,0
DA:454,0
DA:455,0
DA:457,0
DA:466,0
DA:467,0
DA:476,0
DA:479,0
DA:480,0
DA:488,0
DA:490,0
DA:492,0
DA:493,0
DA:496,0
DA:499,0
DA:501,0
DA:503,0
DA:508,0
DA:510,0
DA:511,0
DA:513,0
DA:514,0
DA:517,0
DA:521,0
DA:522,0
DA:523,0
DA:525,0
DA:526,0
DA:527,0
DA:529,0
DA:531,0
DA:532,0
DA:533,0
DA:534,0
DA:538,0
DA:541,0
DA:551,0
DA:552,0
DA:555,0
DA:564,0
DA:566,0
DA:568,0
DA:569,0
DA:571,0
DA:572,0
DA:574,0
LF:192
LH:19
BRDA:16,0,0,0
BRDA:16,0,1,0
BRDA:41,1,0,0
BRDA:41,2,0,0
BRDA:42,3,0,0
BRDA:42,3,1,15
BRDA:44,4,0,0
BRDA:44,4,1,15
BRDA:47,5,0,0
BRDA:47,5,1,15
BRDA:47,6,0,15
BRDA:47,6,1,0
BRDA:62,7,0,0
BRDA:63,8,0,3
BRDA:65,9,0,0
BRDA:65,9,1,15
BRDA:71,10,0,0
BRDA:71,10,1,15
BRDA:85,11,0,15
BRDA:85,11,1,0
BRDA:87,12,0,0
BRDA:87,12,1,15
BRDA:102,13,0,0
BRDA:103,14,0,0
BRDA:112,15,0,0
BRDA:112,15,1,0
BRDA:118,16,0,0
BRDA:118,16,1,0
BRDA:124,17,0,0
BRDA:124,17,1,0
BRDA:161,18,0,0
BRDA:163,19,0,0
BRDA:163,19,1,0
BRDA:170,20,0,0
BRDA:170,20,1,0
BRDA:173,21,0,0
BRDA:173,21,1,0
BRDA:186,22,0,0
BRDA:187,23,0,0
BRDA:187,23,1,0
BRDA:192,24,0,0
BRDA:192,24,1,0
BRDA:209,25,0,0
BRDA:209,25,1,0
BRDA:213,26,0,0
BRDA:213,26,1,0
BRDA:214,27,0,0
BRDA:214,27,1,0
BRDA:221,28,0,0
BRDA:221,28,1,0
BRDA:223,29,0,0
BRDA:223,29,1,0
BRDA:243,30,0,0
BRDA:243,30,1,0
BRDA:247,31,0,0
BRDA:247,31,1,0
BRDA:267,32,0,0
BRDA:267,32,1,0
BRDA:269,33,0,0
BRDA:269,33,1,0
BRDA:275,34,0,0
BRDA:275,34,1,0
BRDA:295,35,0,0
BRDA:295,35,1,0
BRDA:299,36,0,0
BRDA:299,36,1,0
BRDA:308,37,0,0
BRDA:308,37,1,0
BRDA:311,38,0,0
BRDA:311,38,1,0
BRDA:337,39,0,0
BRDA:337,39,1,0
BRDA:339,40,0,0
BRDA:339,40,1,0
BRDA:339,41,0,0
BRDA:339,41,1,0
BRDA:339,41,2,0
BRDA:341,42,0,0
BRDA:341,42,1,0
BRDA:342,43,0,0
BRDA:342,43,1,0
BRDA:342,43,2,0
BRDA:342,43,3,0
BRDA:342,43,4,0
BRDA:342,43,5,0
BRDA:342,43,6,0
BRDA:371,44,0,0
BRDA:371,44,1,0
BRDA:371,45,0,0
BRDA:371,45,1,0
BRDA:375,46,0,0
BRDA:375,46,1,0
BRDA:375,47,0,0
BRDA:375,47,1,0
BRDA:379,48,0,0
BRDA:379,48,1,0
BRDA:379,49,0,0
BRDA:379,49,1,0
BRDA:379,49,2,0
BRDA:384,50,0,0
BRDA:384,50,1,0
BRDA:384,51,0,0
BRDA:384,51,1,0
BRDA:384,51,2,0
BRDA:418,52,0,0
BRDA:418,52,1,0
BRDA:420,53,0,0
BRDA:420,53,1,0
BRDA:422,54,0,0
BRDA:422,54,1,0
BRDA:424,55,0,0
BRDA:424,55,1,0
BRDA:426,56,0,0
BRDA:426,56,1,0
BRDA:428,57,0,0
BRDA:428,57,1,0
BRDA:437,58,0,0
BRDA:437,58,1,0
BRDA:437,58,2,0
BRDA:442,59,0,0
BRDA:444,60,0,0
BRDA:444,60,1,0
BRDA:445,61,0,0
BRDA:445,61,1,0
BRDA:447,62,0,0
BRDA:447,62,1,0
BRDA:453,63,0,0
BRDA:454,64,0,0
BRDA:454,64,1,0
BRDA:454,65,0,0
BRDA:454,65,1,0
BRDA:476,66,0,0
BRDA:476,66,1,0
BRDA:488,67,0,0
BRDA:488,67,1,0
BRDA:492,68,0,0
BRDA:492,68,1,0
BRDA:510,69,0,0
BRDA:510,69,1,0
BRDA:513,70,0,0
BRDA:513,70,1,0
BRDA:521,71,0,0
BRDA:521,71,1,0
BRDA:522,72,0,0
BRDA:522,72,1,0
BRDA:526,73,0,0
BRDA:526,73,1,0
BRDA:531,74,0,0
BRDA:531,74,1,0
BRDA:535,75,0,0
BRDA:535,75,1,0
BRDA:551,76,0,0
BRDA:551,76,1,0
BRDA:564,77,0,0
BRDA:564,77,1,0
BRDA:568,78,0,0
BRDA:568,78,1,0
BRDA:568,79,0,0
BRDA:568,79,1,0
BRDA:571,80,0,0
BRDA:571,80,1,0
BRDA:571,81,0,0
BRDA:571,81,1,0
BRDA:571,81,2,0
BRDA:574,82,0,0
BRDA:574,82,1,0
BRF:166
BRH:9
end_of_record
TN:
SF:D:\wk\练习\vue3练习\vue3-test\lib\validator.ts
FN:25,transformErrors
FN:27,(anonymous_1)
FN:38,toErrorSchema
FN:41,(anonymous_3)
FN:78,validateFormData
FN:124,createErrorProxy
FN:127,(anonymous_6)
FN:129,(anonymous_7)
FN:149,mergeObjects
FN:152,(anonymous_9)
FNF:10
FNH:0
FNDA:0,transformErrors
FNDA:0,(anonymous_1)
FNDA:0,toErrorSchema
FNDA:0,(anonymous_3)
FNDA:0,validateFormData
FNDA:0,createErrorProxy
FNDA:0,(anonymous_6)
FNDA:0,(anonymous_7)
FNDA:0,mergeObjects
FNDA:0,(anonymous_9)
DA:3,3
DA:4,3
DA:7,3
DA:26,0
DA:27,0
DA:28,0
DA:39,0
DA:41,0
DA:42,0
DA:43,0
DA:44,0
DA:48,0
DA:49,0
DA:57,0
DA:58,0
DA:59,0
DA:61,0
DA:64,0
DA:68,0
DA:70,0
DA:71,0
DA:74,0
DA:86,0
DA:87,0
DA:89,0
DA:91,0
DA:92,0
DA:94,0
DA:104,0
DA:106,0
DA:107,0
DA:114,0
DA:115,0
DA:116,0
DA:117,0
DA:125,0
DA:126,0
DA:128,0
DA:129,0
DA:130,0
DA:131,0
DA:132,0
DA:134,0
DA:138,0
DA:139,0
DA:140,0
DA:141,0
DA:142,0
DA:144,0
DA:151,0
DA:152,0
DA:153,0
DA:154,0
DA:155,0
DA:156,0
DA:157,0
DA:158,0
DA:160,0
DA:162,0
LF:59
LH:3
BRDA:26,0,0,0
BRDA:26,0,1,0
BRDA:26,1,0,0
BRDA:26,1,1,0
BRDA:39,2,0,0
BRDA:39,2,1,0
BRDA:48,3,0,0
BRDA:48,3,1,0
BRDA:48,4,0,0
BRDA:48,4,1,0
BRDA:58,5,0,0
BRDA:58,5,1,0
BRDA:64,6,0,0
BRDA:64,6,1,0
BRDA:68,7,0,0
BRDA:68,7,1,0
BRDA:70,8,0,0
BRDA:70,8,1,0
BRDA:82,9,0,0
BRDA:94,10,0,0
BRDA:94,10,1,0
BRDA:106,11,0,0
BRDA:106,11,1,0
BRDA:128,12,0,0
BRDA:128,12,1,0
BRDA:131,13,0,0
BRDA:131,13,1,0
BRDA:131,14,0,0
BRDA:131,14,1,0
BRDA:139,15,0,0
BRDA:139,15,1,0
BRDA:149,16,0,0
BRDA:153,17,0,0
BRDA:153,17,1,0
BRDA:155,18,0,0
BRDA:155,18,1,0
BRDA:155,19,0,0
BRDA:155,19,1,0
BRDA:155,19,2,0
BRDA:157,20,0,0
BRDA:157,20,1,0
BRDA:157,21,0,0
BRDA:157,21,1,0
BRDA:157,21,2,0
BRF:44
BRH:0
end_of_record
TN:
SF:D:\wk\练习\vue3练习\vue3-test\lib\fields\ArrayField.tsx
FN:51,(anonymous_0)
FN:53,(anonymous_1)
FN:54,(anonymous_2)
FN:55,(anonymous_3)
FN:56,(anonymous_4)
FN:57,(anonymous_5)
FN:84,(anonymous_6)
FN:87,(anonymous_7)
FN:93,(anonymous_8)
FN:102,(anonymous_9)
FN:111,(anonymous_10)
FN:122,(anonymous_11)
FN:135,(anonymous_12)
FN:140,(anonymous_13)
FN:145,(anonymous_14)
FN:155,(anonymous_15)
FN:166,(anonymous_16)
FN:173,(anonymous_17)
FN:177,(anonymous_18)
FN:192,(anonymous_19)
FN:201,(anonymous_20)
FNF:21
FNH:3
FNDA:0,(anonymous_0)
FNDA:0,(anonymous_1)
FNDA:0,(anonymous_2)
FNDA:0,(anonymous_3)
FNDA:0,(anonymous_4)
FNDA:0,(anonymous_5)
FNDA:2,(anonymous_6)
FNDA:0,(anonymous_7)
FNDA:0,(anonymous_8)
FNDA:0,(anonymous_9)
FNDA:0,(anonymous_10)
FNDA:0,(anonymous_11)
FNDA:0,(anonymous_12)
FNDA:0,(anonymous_13)
FNDA:2,(anonymous_14)
FNDA:4,(anonymous_15)
FNDA:0,(anonymous_16)
FNDA:0,(anonymous_17)
FNDA:0,(anonymous_18)
FNDA:0,(anonymous_19)
FNDA:0,(anonymous_20)
DA:1,3
DA:2,3
DA:3,3
DA:4,3
DA:6,3
DA:9,3
DA:28,3
DA:52,0
DA:53,0
DA:54,0
DA:55,0
DA:56,0
DA:57,0
DA:58,0
DA:59,0
DA:82,3
DA:85,2
DA:87,2
DA:88,0
DA:89,0
DA:90,0
DA:93,2
DA:94,0
DA:95,0
DA:97,0
DA:99,0
DA:102,2
DA:103,0
DA:104,0
DA:106,0
DA:108,0
DA:111,2
DA:112,0
DA:113,0
DA:114,0
DA:116,0
DA:117,0
DA:119,0
DA:122,2
DA:123,0
DA:124,0
DA:126,0
DA:128,0
DA:129,0
DA:131,0
DA:135,2
DA:136,0
DA:137,0
DA:140,2
DA:141,0
DA:142,0
DA:145,2
DA:146,2
DA:147,2
DA:149,2
DA:150,2
DA:151,2
DA:153,2
DA:154,2
DA:155,2
DA:156,4
DA:157,4
DA:158,4
DA:166,0
DA:170,0
DA:171,0
DA:173,0
DA:175,0
DA:177,0
DA:192,0
DA:198,0
DA:199,0
DA:201,0
DA:205,0
LF:74
LH:28
BRDA:75,0,0,0
BRDA:75,0,1,0
BRDA:88,1,0,0
BRDA:88,1,1,0
BRDA:95,2,0,0
BRDA:95,2,1,0
BRDA:104,3,0,0
BRDA:104,3,1,0
BRDA:112,4,0,0
BRDA:112,4,1,0
BRDA:114,5,0,0
BRDA:114,5,1,0
BRDA:124,6,0,0
BRDA:124,6,1,0
BRDA:126,7,0,0
BRDA:126,7,1,0
BRDA:150,8,0,2
BRDA:150,8,1,2
BRDA:151,9,0,2
BRDA:151,9,1,0
BRDA:153,10,0,2
BRDA:153,10,1,0
BRDA:157,11,0,4
BRDA:157,11,1,4
BRDA:157,12,0,0
BRDA:157,12,1,4
BRDA:164,13,0,4
BRDA:164,13,1,4
BRDA:170,14,0,0
BRDA:170,14,1,0
BRDA:190,15,0,0
BRDA:190,15,1,0
BRDA:191,16,0,0
BRDA:191,16,1,0
BRDA:201,17,0,0
BRDA:201,17,1,0
BRF:36
BRH:9
end_of_record
TN:
SF:D:\wk\练习\vue3练习\vue3-test\lib\fields\NumberField.tsx
FN:10,(anonymous_0)
FN:11,(anonymous_1)
FN:15,(anonymous_2)
FN:20,(anonymous_3)
FN:25,(anonymous_4)
FNF:5
FNH:5
FNDA:4,(anonymous_0)
FNDA:1,(anonymous_1)
FNDA:6,(anonymous_2)
FNDA:6,(anonymous_3)
FNDA:6,(anonymous_4)
DA:1,3
DA:2,3
DA:3,3
DA:8,3
DA:11,4
DA:12,1
DA:13,1
DA:15,4
DA:16,6
DA:17,6
DA:20,4
DA:21,6
DA:22,6
DA:25,4
DA:26,6
DA:27,6
DA:28,6
LF:17
LH:17
BRDA:12,0,0,0
BRDA:12,0,1,1
BRF:2
BRH:1
end_of_record
TN:
SF:D:\wk\练习\vue3练习\vue3-test\lib\fields\ObjectField.tsx
FN:8,(anonymous_0)
FN:10,(anonymous_1)
FN:17,(anonymous_2)
FN:22,(anonymous_3)
FN:31,(anonymous_4)
FNF:5
FNH:5
FNDA:2,(anonymous_0)
FNDA:2,(anonymous_1)
FNDA:4,(anonymous_2)
FNDA:8,(anonymous_3)
FNDA:2,(anonymous_4)
DA:1,3
DA:2,3
DA:3,3
DA:4,3
DA:6,3
DA:9,2
DA:10,2
DA:11,2
DA:13,2
DA:14,2
DA:17,2
DA:18,4
DA:19,4
DA:20,4
DA:21,4
DA:22,4
DA:23,8
DA:24,8
DA:31,2
LF:19
LH:19
BRDA:11,0,0,2
BRDA:11,0,1,0
BRDA:20,1,0,4
BRDA:20,1,1,0
BRDA:21,2,0,4
BRDA:21,2,1,0
BRDA:23,3,0,0
BRDA:23,3,1,8
BRDA:23,4,0,0
BRDA:23,4,1,0
BRDA:29,5,0,8
BRDA:29,5,1,8
BRF:12
BRH:6
end_of_record
TN:
SF:D:\wk\练习\vue3练习\vue3-test\lib\fields\StringField.tsx
FN:7,(anonymous_0)
FN:8,(anonymous_1)
FN:12,(anonymous_2)
FN:16,(anonymous_3)
FNF:4
FNH:4
FNDA:5,(anonymous_0)
FNDA:7,(anonymous_1)
FNDA:7,(anonymous_2)
FNDA:7,(anonymous_3)
DA:1,3
DA:2,3
DA:3,3
DA:5,3
DA:8,5
DA:9,7
DA:10,7
DA:12,5
DA:13,7
DA:14,7
DA:16,5
DA:17,7
DA:18,7
DA:19,7
LF:14
LH:14
BRF:0
BRH:0
end_of_record
TN:
SF:D:\wk\练习\vue3练习\vue3-test\lib\theme-default\FormItem.tsx
FN:24,(anonymous_0)
FN:26,(anonymous_1)
FN:35,(anonymous_2)
FN:47,withFormItem
FN:51,(anonymous_4)
FN:52,(anonymous_5)
FN:53,(anonymous_6)
FNF:7
FNH:6
FNDA:9,(anonymous_0)
FNDA:13,(anonymous_1)
FNDA:0,(anonymous_2)
FNDA:9,withFormItem
FNDA:9,(anonymous_4)
FNDA:13,(anonymous_5)
FNDA:13,(anonymous_6)
DA:1,3
DA:2,3
DA:4,3
DA:6,3
DA:21,3
DA:25,9
DA:26,9
DA:27,13
DA:28,13
DA:29,13
DA:30,13
DA:35,0
DA:45,3
DA:48,9
DA:52,9
DA:53,26
LF:16
LH:15
BRDA:33,0,0,13
BRDA:33,0,1,13
BRF:2
BRH:2
end_of_record
TN:
SF:D:\wk\练习\vue3练习\vue3-test\lib\theme-default\NumberWidget.tsx
FN:9,(anonymous_0)
FN:10,(anonymous_1)
FN:15,(anonymous_2)
FN:21,(anonymous_3)
FNF:4
FNH:4
FNDA:4,(anonymous_0)
FNDA:1,(anonymous_1)
FNDA:6,(anonymous_2)
FNDA:6,(anonymous_3)
DA:1,3
DA:2,3
DA:3,3
DA:5,3
DA:10,4
DA:11,1
DA:12,1
DA:13,1
DA:15,4
DA:16,6
DA:21,4
DA:22,6
DA:23,6
DA:36,3
LF:14
LH:14
BRF:0
BRH:0
end_of_record
TN:
SF:D:\wk\练习\vue3练习\vue3-test\lib\theme-default\SelectionWidget.tsx
FN:12,(anonymous_0)
FN:14,(anonymous_1)
FN:20,(anonymous_2)
FN:21,(anonymous_3)
FN:27,(anonymous_4)
FN:34,(anonymous_5)
FN:36,(anonymous_6)
FN:42,(anonymous_7)
FNF:8
FNH:0
FNDA:0,(anonymous_0)
FNDA:0,(anonymous_1)
FNDA:0,(anonymous_2)
FNDA:0,(anonymous_3)
FNDA:0,(anonymous_4)
FNDA:0,(anonymous_5)
FNDA:0,(anonymous_6)
FNDA:0,(anonymous_7)
DA:1,3
DA:2,3
DA:6,3
DA:8,3
DA:13,0
DA:14,0
DA:15,0
DA:16,0
DA:19,0
DA:20,0
DA:22,0
DA:23,0
DA:27,0
DA:28,0
DA:34,0
DA:35,0
DA:36,0
DA:39,0
DA:42,0
DA:51,3
LF:20
LH:5
BRDA:15,0,0,0
BRDA:15,0,1,0
BRDA:22,1,0,0
BRDA:22,1,1,0
BRF:4
BRH:0
end_of_record
TN:
SF:D:\wk\练习\vue3练习\vue3-test\lib\theme-default\TextWidget.tsx
FN:9,(anonymous_0)
FN:10,(anonymous_1)
FN:15,(anonymous_2)
FN:21,(anonymous_3)
FNF:4
FNH:3
FNDA:5,(anonymous_0)
FNDA:0,(anonymous_1)
FNDA:7,(anonymous_2)
FNDA:7,(anonymous_3)
DA:1,3
DA:2,3
DA:3,3
DA:5,3
DA:10,5
DA:11,0
DA:12,0
DA:15,5
DA:16,7
DA:21,5
DA:22,7
DA:23,7
DA:36,3
LF:13
LH:11
BRF:0
BRH:0
end_of_record
TN:
SF:D:\wk\练习\vue3练习\vue3-test\lib\theme-default\index.tsx
FNF:0
FNH:0
DA:1,3
DA:2,3
DA:3,3
DA:8,3
LF:4
LH:4
BRF:0
BRH:0
end_of_record
TN:
SF:D:\wk\练习\vue3练习\vue3-test\tests\unit\utils\TestComponent.tsx
FN:6,(anonymous_0)
FN:7,(anonymous_1)
FN:8,(anonymous_2)
FN:32,(anonymous_3)
FN:33,(anonymous_4)
FN:34,(anonymous_5)
FNF:6
FNH:6
FNDA:5,(anonymous_0)
FNDA:5,(anonymous_1)
FNDA:5,(anonymous_2)
FNDA:5,(anonymous_3)
FNDA:5,(anonymous_4)
FNDA:5,(anonymous_5)
DA:1,3
DA:2,3
DA:3,3
DA:5,3
DA:7,5
DA:8,10
DA:17,3
DA:33,5
DA:34,10
LF:9
LH:9
BRDA:10,0,0,5
BRDA:10,0,1,5
BRF:2
BRH:2
end_of_record
