TN:
SF:D:\wk\练习\vue3练习\vue3-test\lib\SchemaForm.tsx
FN:20,(anonymous_0)
FN:21,(anonymous_1)
FN:29,(anonymous_2)
FNF:3
FNH:3
FNDA:5,(anonymous_0)
FNDA:3,(anonymous_1)
FNDA:5,(anonymous_2)
DA:1,3
DA:2,3
DA:4,3
DA:6,3
DA:21,5
DA:22,3
DA:24,5
DA:27,5
DA:29,5
DA:30,5
DA:31,5
LF:11
LH:11
BRF:0
BRH:0
end_of_record
TN:
SF:D:\wk\练习\vue3练习\vue3-test\lib\SchemaItem.tsx
FN:11,(anonymous_0)
FN:13,(anonymous_1)
FN:17,(anonymous_2)
FNF:3
FNH:3
FNDA:13,(anonymous_0)
FNDA:15,(anonymous_1)
FNDA:17,(anonymous_2)
DA:1,3
DA:2,3
DA:3,3
DA:4,3
DA:5,3
DA:6,3
DA:7,3
DA:9,3
DA:13,13
DA:14,15
DA:15,15
DA:17,13
DA:18,17
DA:20,17
DA:22,17
DA:24,17
DA:26,7
DA:27,7
DA:29,6
DA:30,6
DA:32,2
DA:33,2
DA:35,2
DA:36,2
DA:38,0
DA:39,0
DA:41,17
LF:27
LH:25
BRDA:25,0,0,7
BRDA:25,0,1,6
BRDA:25,0,2,2
BRDA:25,0,3,2
BRDA:25,0,4,0
BRF:5
BRH:4
end_of_record
TN:
SF:D:\wk\练习\vue3练习\vue3-test\lib\context.ts
FN:10,useVJSFContext
FNF:1
FNH:1
FNDA:4,useVJSFContext
DA:1,3
DA:8,3
DA:11,4
DA:13,4
DA:14,0
DA:17,4
LF:6
LH:5
BRDA:13,0,0,0
BRDA:13,0,1,4
BRF:2
BRH:1
end_of_record
TN:
SF:D:\wk\练习\vue3练习\vue3-test\lib\index.ts
FNF:0
FNH:0
DA:1,3
DA:2,3
DA:3,3
DA:4,3
DA:5,3
DA:7,3
LF:6
LH:6
BRF:0
BRH:0
end_of_record
TN:
SF:D:\wk\练习\vue3练习\vue3-test\lib\types.ts
FN:3,(anonymous_0)
FNF:1
FNH:1
FNDA:3,(anonymous_0)
DA:1,3
DA:3,3
DA:4,3
DA:5,3
DA:6,3
DA:7,3
DA:8,3
DA:9,3
DA:52,3
DA:69,3
LF:10
LH:10
BRDA:3,0,0,3
BRDA:3,0,1,3
BRF:2
BRH:2
end_of_record
TN:
SF:D:\wk\练习\vue3练习\vue3-test\lib\utils.ts
FN:11,isObject
FN:15,isEmptyObject
FN:19,hasOwnProperty
FN:32,validateData
FN:41,resolveSchema
FN:50,(anonymous_5)
FN:60,retrieveSchema
FN:100,stubExistingAdditionalProperties
FN:111,(anonymous_8)
FN:152,resolveReference
FN:161,findSchemaDefinition
FN:180,resolveDependencies
FN:200,processDependencies
FN:242,withDependentProperties
FN:252,withDependentSchema
FN:273,(anonymous_15)
FN:287,withExactlyOneSubschema
FN:294,(anonymous_17)
FN:334,mergeSchemas
FN:336,(anonymous_19)
FN:368,getSchemaType
FN:385,(anonymous_21)
FN:417,guessType
FN:435,isConstant
FN:442,isSelect
FN:448,(anonymous_25)
FN:453,isMultiSelect
FN:461,getMatchingOption
FN:480,(anonymous_28)
FN:520,mergeDefaultsWithFormData
FN:525,(anonymous_30)
FN:533,(anonymous_31)
FN:545,getDefaultFormState
FNF:33
FNH:4
FNDA:21,isObject
FNDA:0,isEmptyObject
FNDA:45,hasOwnProperty
FNDA:0,validateData
FNDA:15,resolveSchema
FNDA:0,(anonymous_5)
FNDA:15,retrieveSchema
FNDA:0,stubExistingAdditionalProperties
FNDA:0,(anonymous_8)
FNDA:0,resolveReference
FNDA:0,findSchemaDefinition
FNDA:0,resolveDependencies
FNDA:0,processDependencies
FNDA:0,withDependentProperties
FNDA:0,withDependentSchema
FNDA:0,(anonymous_15)
FNDA:0,withExactlyOneSubschema
FNDA:0,(anonymous_17)
FNDA:0,mergeSchemas
FNDA:0,(anonymous_19)
FNDA:0,getSchemaType
FNDA:0,(anonymous_21)
FNDA:0,guessType
FNDA:0,isConstant
FNDA:0,isSelect
FNDA:0,(anonymous_25)
FNDA:0,isMultiSelect
FNDA:0,getMatchingOption
FNDA:0,(anonymous_28)
FNDA:0,mergeDefaultsWithFormData
FNDA:0,(anonymous_30)
FNDA:0,(anonymous_31)
FNDA:0,getDefaultFormState
DA:1,3
DA:5,3
DA:6,3
DA:7,3
DA:12,21
DA:16,0
DA:24,45
DA:31,3
DA:33,0
DA:34,0
DA:42,15
DA:43,0
DA:44,15
DA:45,0
DA:46,0
DA:47,15
DA:48,0
DA:51,0
DA:56,15
DA:65,15
DA:66,0
DA:68,15
DA:71,15
DA:72,0
DA:73,0
DA:79,0
DA:80,0
DA:81,0
DA:85,15
DA:87,15
DA:89,0
DA:95,15
DA:98,3
DA:106,0
DA:111,0
DA:112,0
DA:114,0
DA:118,0
DA:119,0
DA:124,0
DA:125,0
DA:127,0
DA:131,0
DA:133,0
DA:136,0
DA:154,0
DA:156,0
DA:158,0
DA:162,0
DA:163,0
DA:165,0
DA:167,0
DA:169,0
DA:170,0
DA:171,0
DA:173,0
DA:175,0
DA:177,0
DA:186,0
DA:187,0
DA:188,0
DA:192,0
DA:193,0
DA:198,0
DA:207,0
DA:209,0
DA:210,0
DA:213,0
DA:217,0
DA:220,0
DA:221,0
DA:222,0
DA:223,0
DA:224,0
DA:232,0
DA:239,0
DA:243,0
DA:244,0
DA:246,0
DA:249,0
DA:260,0
DA:265,0
DA:267,0
DA:268,0
DA:269,0
DA:270,0
DA:273,0
DA:274,0
DA:278,0
DA:294,0
DA:295,0
DA:296,0
DA:298,0
DA:299,0
DA:300,0
DA:307,0
DA:308,0
DA:311,0
DA:312,0
DA:315,0
DA:318,0
DA:320,0
DA:321,0
DA:322,0
DA:335,0
DA:336,0
DA:337,0
DA:338,0
DA:339,0
DA:340,0
DA:341,0
DA:351,0
DA:353,0
DA:355,0
DA:369,0
DA:371,0
DA:372,0
DA:375,0
DA:376,0
DA:379,0
DA:380,0
DA:383,0
DA:384,0
DA:385,0
DA:388,0
DA:417,3
DA:418,0
DA:419,0
DA:420,0
DA:421,0
DA:422,0
DA:423,0
DA:424,0
DA:425,0
DA:426,0
DA:427,0
DA:428,0
DA:429,0
DA:432,0
DA:436,0
DA:443,0
DA:444,0
DA:445,0
DA:446,0
DA:447,0
DA:448,0
DA:450,0
DA:454,0
DA:455,0
DA:457,0
DA:466,0
DA:467,0
DA:476,0
DA:479,0
DA:480,0
DA:488,0
DA:490,0
DA:492,0
DA:493,0
DA:496,0
DA:499,0
DA:501,0
DA:503,0
DA:508,0
DA:510,0
DA:511,0
DA:513,0
DA:514,0
DA:517,0
DA:521,0
DA:522,0
DA:523,0
DA:525,0
DA:526,0
DA:527,0
DA:529,0
DA:531,0
DA:532,0
DA:533,0
DA:534,0
DA:538,0
DA:541,0
DA:551,0
DA:552,0
DA:555,0
DA:564,0
DA:566,0
DA:568,0
DA:569,0
DA:571,0
DA:572,0
DA:574,0
LF:192
LH:19
BRDA:16,0,0,0
BRDA:16,0,1,0
BRDA:41,1,0,0
BRDA:41,2,0,0
BRDA:42,3,0,0
BRDA:42,3,1,15
BRDA:44,4,0,0
BRDA:44,4,1,15
BRDA:47,5,0,0
BRDA:47,5,1,15
BRDA:47,6,0,15
BRDA:47,6,1,0
BRDA:62,7,0,0
BRDA:63,8,0,3
BRDA:65,9,0,0
BRDA:65,9,1,15
BRDA:71,10,0,0
BRDA:71,10,1,15
BRDA:85,11,0,15
BRDA:85,11,1,0
BRDA:87,12,0,0
BRDA:87,12,1,15
BRDA:102,13,0,0
BRDA:103,14,0,0
BRDA:112,15,0,0
BRDA:112,15,1,0
BRDA:118,16,0,0
BRDA:118,16,1,0
BRDA:124,17,0,0
BRDA:124,17,1,0
BRDA:161,18,0,0
BRDA:163,19,0,0
BRDA:163,19,1,0
BRDA:170,20,0,0
BRDA:170,20,1,0
BRDA:173,21,0,0
BRDA:173,21,1,0
BRDA:186,22,0,0
BRDA:187,23,0,0
BRDA:187,23,1,0
BRDA:192,24,0,0
BRDA:192,24,1,0
BRDA:209,25,0,0
BRDA:209,25,1,0
BRDA:213,26,0,0
BRDA:213,26,1,0
BRDA:214,27,0,0
BRDA:214,27,1,0
BRDA:221,28,0,0
BRDA:221,28,1,0
BRDA:223,29,0,0
BRDA:223,29,1,0
BRDA:243,30,0,0
BRDA:243,30,1,0
BRDA:247,31,0,0
BRDA:247,31,1,0
BRDA:267,32,0,0
BRDA:267,32,1,0
BRDA:269,33,0,0
BRDA:269,33,1,0
BRDA:275,34,0,0
BRDA:275,34,1,0
BRDA:295,35,0,0
BRDA:295,35,1,0
BRDA:299,36,0,0
BRDA:299,36,1,0
BRDA:308,37,0,0
BRDA:308,37,1,0
BRDA:311,38,0,0
BRDA:311,38,1,0
BRDA:337,39,0,0
BRDA:337,39,1,0
BRDA:339,40,0,0
BRDA:339,40,1,0
BRDA:339,41,0,0
BRDA:339,41,1,0
BRDA:339,41,2,0
BRDA:341,42,0,0
BRDA:341,42,1,0
BRDA:342,43,0,0
BRDA:342,43,1,0
BRDA:342,43,2,0
BRDA:342,43,3,0
BRDA:342,43,4,0
BRDA:342,43,5,0
BRDA:342,43,6,0
BRDA:371,44,0,0
BRDA:371,44,1,0
BRDA:371,45,0,0
BRDA:371,45,1,0
BRDA:375,46,0,0
BRDA:375,46,1,0
BRDA:375,47,0,0
BRDA:375,47,1,0
BRDA:379,48,0,0
BRDA:379,48,1,0
BRDA:379,49,0,0
BRDA:379,49,1,0
BRDA:379,49,2,0
BRDA:384,50,0,0
BRDA:384,50,1,0
BRDA:384,51,0,0
BRDA:384,51,1,0
BRDA:384,51,2,0
BRDA:418,52,0,0
BRDA:418,52,1,0
BRDA:420,53,0,0
BRDA:420,53,1,0
BRDA:422,54,0,0
BRDA:422,54,1,0
BRDA:424,55,0,0
BRDA:424,55,1,0
BRDA:426,56,0,0
BRDA:426,56,1,0
BRDA:428,57,0,0
BRDA:428,57,1,0
BRDA:437,58,0,0
BRDA:437,58,1,0
BRDA:437,58,2,0
BRDA:442,59,0,0
BRDA:444,60,0,0
BRDA:444,60,1,0
BRDA:445,61,0,0
BRDA:445,61,1,0
BRDA:447,62,0,0
BRDA:447,62,1,0
BRDA:453,63,0,0
BRDA:454,64,0,0
BRDA:454,64,1,0
BRDA:454,65,0,0
BRDA:454,65,1,0
BRDA:476,66,0,0
BRDA:476,66,1,0
BRDA:488,67,0,0
BRDA:488,67,1,0
BRDA:492,68,0,0
BRDA:492,68,1,0
BRDA:510,69,0,0
BRDA:510,69,1,0
BRDA:513,70,0,0
BRDA:513,70,1,0
BRDA:521,71,0,0
BRDA:521,71,1,0
BRDA:522,72,0,0
BRDA:522,72,1,0
BRDA:526,73,0,0
BRDA:526,73,1,0
BRDA:531,74,0,0
BRDA:531,74,1,0
BRDA:535,75,0,0
BRDA:535,75,1,0
BRDA:551,76,0,0
BRDA:551,76,1,0
BRDA:564,77,0,0
BRDA:564,77,1,0
BRDA:568,78,0,0
BRDA:568,78,1,0
BRDA:568,79,0,0
BRDA:568,79,1,0
BRDA:571,80,0,0
BRDA:571,80,1,0
BRDA:571,81,0,0
BRDA:571,81,1,0
BRDA:571,81,2,0
BRDA:574,82,0,0
BRDA:574,82,1,0
BRF:166
BRH:9
end_of_record
TN:
SF:D:\wk\练习\vue3练习\vue3-test\lib\fields\ArrayField.tsx
FN:48,(anonymous_0)
FN:50,(anonymous_1)
FN:51,(anonymous_2)
FN:52,(anonymous_3)
FN:53,(anonymous_4)
FN:54,(anonymous_5)
FN:81,(anonymous_6)
FN:84,(anonymous_7)
FN:90,(anonymous_8)
FN:99,(anonymous_9)
FN:108,(anonymous_10)
FN:119,(anonymous_11)
FN:131,(anonymous_12)
FN:140,(anonymous_13)
FN:147,(anonymous_14)
FN:154,(anonymous_15)
FN:155,(anonymous_16)
FN:168,(anonymous_17)
FNF:18
FNH:3
FNDA:0,(anonymous_0)
FNDA:0,(anonymous_1)
FNDA:0,(anonymous_2)
FNDA:0,(anonymous_3)
FNDA:0,(anonymous_4)
FNDA:0,(anonymous_5)
FNDA:2,(anonymous_6)
FNDA:0,(anonymous_7)
FNDA:0,(anonymous_8)
FNDA:0,(anonymous_9)
FNDA:0,(anonymous_10)
FNDA:0,(anonymous_11)
FNDA:2,(anonymous_12)
FNDA:4,(anonymous_13)
FNDA:0,(anonymous_14)
FNDA:0,(anonymous_15)
FNDA:0,(anonymous_16)
FNDA:0,(anonymous_17)
DA:1,3
DA:2,3
DA:3,3
DA:4,3
DA:6,3
DA:25,3
DA:49,0
DA:50,0
DA:51,0
DA:52,0
DA:53,0
DA:54,0
DA:55,0
DA:56,0
DA:79,3
DA:82,2
DA:84,2
DA:85,0
DA:86,0
DA:87,0
DA:90,2
DA:91,0
DA:92,0
DA:94,0
DA:96,0
DA:99,2
DA:100,0
DA:101,0
DA:103,0
DA:105,0
DA:108,2
DA:109,0
DA:110,0
DA:111,0
DA:113,0
DA:114,0
DA:116,0
DA:119,2
DA:120,0
DA:121,0
DA:123,0
DA:125,0
DA:126,0
DA:128,0
DA:131,2
DA:132,2
DA:133,2
DA:135,2
DA:136,2
DA:137,2
DA:138,2
DA:139,2
DA:140,2
DA:141,4
DA:147,0
DA:151,0
DA:152,0
DA:154,0
DA:155,0
DA:168,0
LF:60
LH:23
BRDA:72,0,0,0
BRDA:72,0,1,0
BRDA:85,1,0,0
BRDA:85,1,1,0
BRDA:92,2,0,0
BRDA:92,2,1,0
BRDA:101,3,0,0
BRDA:101,3,1,0
BRDA:109,4,0,0
BRDA:109,4,1,0
BRDA:111,5,0,0
BRDA:111,5,1,0
BRDA:121,6,0,0
BRDA:121,6,1,0
BRDA:123,7,0,0
BRDA:123,7,1,0
BRDA:137,8,0,2
BRDA:137,8,1,0
BRDA:138,9,0,2
BRDA:138,9,1,0
BRDA:139,10,0,2
BRDA:139,10,1,0
BRDA:151,11,0,0
BRDA:151,11,1,0
BRF:24
BRH:3
end_of_record
TN:
SF:D:\wk\练习\vue3练习\vue3-test\lib\fields\NumberField.tsx
FN:6,(anonymous_0)
FN:7,(anonymous_1)
FN:11,(anonymous_2)
FNF:3
FNH:3
FNDA:4,(anonymous_0)
FNDA:1,(anonymous_1)
FNDA:6,(anonymous_2)
DA:1,3
DA:2,3
DA:4,3
DA:7,4
DA:8,1
DA:9,1
DA:11,4
DA:12,6
DA:13,6
LF:9
LH:9
BRF:0
BRH:0
end_of_record
TN:
SF:D:\wk\练习\vue3练习\vue3-test\lib\fields\ObjectField.tsx
FN:8,(anonymous_0)
FN:10,(anonymous_1)
FN:16,(anonymous_2)
FN:21,(anonymous_3)
FN:27,(anonymous_4)
FNF:5
FNH:5
FNDA:2,(anonymous_0)
FNDA:2,(anonymous_1)
FNDA:4,(anonymous_2)
FNDA:8,(anonymous_3)
FNDA:2,(anonymous_4)
DA:1,3
DA:2,3
DA:3,3
DA:4,3
DA:6,3
DA:9,2
DA:10,2
DA:11,2
DA:13,2
DA:14,2
DA:16,2
DA:17,4
DA:18,4
DA:19,4
DA:20,4
DA:21,4
DA:22,8
DA:27,2
LF:18
LH:18
BRDA:11,0,0,2
BRDA:11,0,1,0
BRDA:19,1,0,4
BRDA:19,1,1,0
BRDA:20,2,0,4
BRDA:20,2,1,0
BRF:6
BRH:3
end_of_record
TN:
SF:D:\wk\练习\vue3练习\vue3-test\lib\fields\StringField.tsx
FN:6,(anonymous_0)
FN:7,(anonymous_1)
FN:11,(anonymous_2)
FNF:3
FNH:2
FNDA:5,(anonymous_0)
FNDA:0,(anonymous_1)
FNDA:7,(anonymous_2)
DA:1,3
DA:2,3
DA:4,3
DA:7,5
DA:8,0
DA:9,0
DA:11,5
DA:12,7
DA:13,7
LF:9
LH:7
BRF:0
BRH:0
end_of_record
